2018-10-30 02:44:39 info: /user/new - Created user: c1 with id: 1. Has permission 2.
2018-10-30 02:44:43 info: /user/new - Created user: c2 with id: 2. Has permission 2.
2018-10-30 02:44:47 info: /user/new - Created user: c3 with id: 3. Has permission 2.
2018-10-30 02:44:52 info: /user/new - Created user: m1 with id: 4. Has permission 1.
2018-10-30 02:44:56 info: /user/new - Created user: m2 with id: 5. Has permission 1.
2018-10-30 02:45:02 error: /user/new Error occured while creating admin, QueryFailedError: ER_BAD_FIELD_ERROR: Unknown column 'NaN' in 'field list'
2018-10-30 04:28:45 info: /user/new - Created user: c1 with id: 1. Has permission 2.
2018-10-30 04:28:49 info: /user/new - Created user: c2 with id: 2. Has permission 2.
2018-10-30 04:28:53 info: /user/new - Created user: c3 with id: 3. Has permission 2.
2018-10-30 04:28:58 info: /user/new - Created user: m1 with id: 4. Has permission 1.
2018-10-30 04:29:02 info: /user/new - Created user: m2 with id: 5. Has permission 1.
2018-10-30 04:29:11 info: /user/new - Created user: admin with id: 6. Has permission 3.
2018-10-30 13:39:39 info: /user/new - Created user: c1 with id: 1. Has permission 2.
2018-10-30 13:39:43 info: /user/new - Created user: c2 with id: 2. Has permission 2.
2018-10-30 13:39:47 info: /user/new - Created user: c3 with id: 3. Has permission 2.
2018-10-30 13:39:51 info: /user/new - Created user: m1 with id: 4. Has permission 1.
2018-10-30 13:39:55 info: /user/new - Created user: m2 with id: 5. Has permission 1.
2018-10-30 13:40:03 info: /user/new - Created user: admin with id: 6. Has permission 3.
2018-10-30 13:41:55 info: /user/new - Created user: c1 with id: 1. Has permission 2.
2018-10-30 13:42:00 info: /user/new - Created user: c2 with id: 2. Has permission 2.
2018-10-30 13:42:04 info: /user/new - Created user: c3 with id: 3. Has permission 2.
2018-10-30 13:42:10 info: /user/new - Created user: m1 with id: 4. Has permission 1.
2018-10-30 13:42:14 info: /user/new - Created user: m2 with id: 5. Has permission 1.
2018-10-30 13:42:20 info: /user/new - Created user: admin with id: 6. Has permission 3.
2018-10-30 13:45:23 info: /user/new - Created user: c1 with id: 1. Has permission 2.
2018-10-30 13:45:30 info: /user/new - Created user: m1 with id: 2. Has permission 1.
2018-10-30 13:45:37 info: /user/new - Created user: admin with id: 3. Has permission 3.
2018-10-30 14:10:44 info: /user/new - Created user: c1 with id: 1. Has permission 2.
2018-10-30 14:10:49 info: /user/new - Created user: m1 with id: 2. Has permission 1.
2018-10-30 14:10:56 info: /user/new - Created user: admin with id: 3. Has permission 3.
2018-10-30 15:40:45 info: /user/new - Created user: c1 with id: 1. Has permission 2.
2018-10-30 15:40:49 info: /user/new - Created user: m1 with id: 2. Has permission 1.
2018-10-30 15:40:56 info: /user/new - Created user: admin with id: 3. Has permission 3.
2018-10-30 15:47:35 info: /user/new - Created user: c1 with id: 1. Has permission 2.
2018-10-30 15:47:39 info: /user/new - Created user: m1 with id: 2. Has permission 1.
2018-10-30 15:47:46 info: /user/new - Created user: admin with id: 3. Has permission 3.
2018-10-30 15:55:33 info: /user/new - Created user: c1 with id: 1. Has permission 2.
2018-10-30 15:55:38 info: /user/new - Created user: m1 with id: 2. Has permission 1.
2018-10-30 15:55:46 info: /user/new - Created user: admin with id: 3. Has permission 3.
2018-10-30 15:58:04 info: /user/new - Created user: c1 with id: 1. Has permission 2.
2018-10-30 15:58:09 info: /user/new - Created user: m1 with id: 2. Has permission 1.
2018-10-30 15:58:16 info: /user/new - Created user: admin with id: 3. Has permission 3.
2018-10-30 17:19:40 info: /user/new - Created user: c1 with id: 1. Has permission 2.
2018-10-30 17:19:45 info: /user/new - Created user: m1 with id: 2. Has permission 1.
2018-10-30 17:19:54 info: /user/new - Created user: admin with id: 3. Has permission 3.
2018-10-30 17:47:46 info: /user/new - Created user: c1 with id: 1. Has permission 2.
2018-10-30 17:47:51 info: /user/new - Created user: m1 with id: 2. Has permission 1.
2018-10-30 17:47:57 error: /user/new Error occured while creating admin, QueryFailedError: ER_BAD_FIELD_ERROR: Unknown column 'NaN' in 'field list'
2018-10-30 17:49:36 info: /user/new - Created user: c1 with id: 1. Has permission 2.
2018-10-30 17:49:44 info: /user/new - Created user: m1 with id: 2. Has permission 1.
2018-10-30 17:49:51 info: /user/new - Created user: admin with id: 3. Has permission 3.
2018-10-30 17:52:18 info: /user/new - Created user: c1 with id: 1. Has permission 2.
2018-10-30 17:52:23 info: /user/new - Created user: m1 with id: 2. Has permission 1.
2018-10-30 17:52:30 info: /user/new - Created user: admin with id: 3. Has permission 3.
2018-10-30 17:53:46 info: /user/new - Created user: c1 with id: 1. Has permission 2.
2018-10-30 17:53:50 info: /user/new - Created user: m1 with id: 2. Has permission 1.
2018-10-30 17:55:49 info: /user/new - Created user: c1 with id: 1. Has permission 2.
2018-10-30 17:55:53 info: /user/new - Created user: m1 with id: 2. Has permission 1.
2018-10-30 17:57:43 info: /user/new - Created user: c1 with id: 1. Has permission 2.
2018-10-30 17:57:48 info: /user/new - Created user: m1 with id: 2. Has permission 1.
2018-10-30 17:59:14 info: /user/new - Created user: c1 with id: 1. Has permission 2.
2018-10-30 17:59:19 info: /user/new - Created user: m1 with id: 2. Has permission 1.
2018-10-30 18:01:11 info: /user/new - Created user: c1 with id: 1. Has permission 2.
2018-10-30 18:01:16 info: /user/new - Created user: m1 with id: 2. Has permission 1.
2018-10-30 18:15:45 info: /user/new - Created user: c1 with id: 1. Has permission 2.
2018-10-30 18:15:51 info: /user/new - Created user: m1 with id: 2. Has permission 1.
2018-10-30 18:43:40 info: /user/new - Created user: c1 with id: 1. Has permission 2.
2018-10-30 18:43:44 info: /user/new - Created user: m1 with id: 2. Has permission 1.
2018-10-30 18:45:13 info: /user/new - Created user: c1 with id: 1. Has permission 2.
2018-10-30 18:45:17 info: /user/new - Created user: m1 with id: 2. Has permission 1.
2018-10-30 19:44:54 info: /user/new - Created user: c1 with id: 1. Has permission 2.
2018-10-30 19:44:58 info: /user/new - Created user: m1 with id: 2. Has permission 1.
2018-10-30 19:45:05 error: /user/new Error occured while creating admin, QueryFailedError: ER_BAD_FIELD_ERROR: Unknown column 'NaN' in 'field list'
2018-10-30 19:47:54 info: /user/new - Created user: c1 with id: 1. Has permission 2.
2018-10-30 19:47:59 info: /user/new - Created user: m1 with id: 2. Has permission 1.
2018-10-30 19:48:05 info: /user/new - Created user: admin with id: 3. Has permission 3.
2018-10-30 19:49:48 info: /user/new - Created user: c1 with id: 1. Has permission 2.
2018-10-30 19:49:53 info: /user/new - Created user: m1 with id: 2. Has permission 1.
2018-10-30 19:53:49 info: /user/new - Created user: c1 with id: 1. Has permission 2.
2018-10-30 19:53:54 info: /user/new - Created user: m1 with id: 2. Has permission 1.
2018-10-30 19:59:19 info: /user/new - Created user: c1 with id: 1. Has permission 2.
2018-10-30 19:59:24 info: /user/new - Created user: m1 with id: 2. Has permission 1.
2018-10-30 20:00:41 info: /user/new - Created user: c1 with id: 1. Has permission 2.
2018-10-30 20:00:46 info: /user/new - Created user: m1 with id: 2. Has permission 1.
2018-10-30 21:08:13 info: /user/new - Created user: c1 with id: 1. Has permission 2.
2018-10-30 21:08:17 info: /user/new - Created user: m1 with id: 2. Has permission 1.
2018-10-30 21:08:27 info: /user/new - Created user: admin with id: 3. Has permission 3.
2018-10-31 02:00:51 info: /user/new - Created user: c1 with id: 1. Has permission 2.
2018-10-31 02:00:56 info: /user/new - Created user: m1 with id: 2. Has permission 1.
2018-10-31 02:02:05 info: /user/new - Created user: c1 with id: 1. Has permission 2.
2018-10-31 02:02:09 info: /user/new - Created user: m1 with id: 2. Has permission 1.
2018-10-31 02:36:58 error: /user/new Error occured while creating c1, QueryFailedError: ER_NO_SUCH_TABLE: Table 'test.user' doesn't exist
2018-10-31 02:37:24 info: /user/new - Created user: c1 with id: 1. Has permission 2.
2018-10-31 02:37:31 info: /user/new - Created user: m1 with id: 2. Has permission 1.
2018-10-31 02:46:41 info: /user/new - Created user: c1 with id: 1. Has permission 2.
2018-10-31 02:46:45 info: /user/new - Created user: m1 with id: 2. Has permission 1.
2018-10-31 02:59:57 error: /user/new Error occured while creating c1, QueryFailedError: ER_NO_SUCH_TABLE: Table 'test.user' doesn't exist
2018-10-31 03:00:09 error: /user/new Error occured while creating c1, QueryFailedError: ER_NO_SUCH_TABLE: Table 'test.user' doesn't exist
2018-10-31 03:00:37 error: /user/new Error occured while creating c1, QueryFailedError: ER_NO_SUCH_TABLE: Table 'test.user' doesn't exist
2018-10-31 03:01:00 info: /user/new - Created user: c1 with id: 1. Has permission 2.
2018-10-31 03:01:05 info: /user/new - Created user: m1 with id: 2. Has permission 1.
2018-10-31 03:02:41 info: /user/new - Created user: c1 with id: 1. Has permission 2.
2018-10-31 03:02:46 info: /user/new - Created user: m1 with id: 2. Has permission 1.
2018-10-31 03:09:43 info: /user/new - Created user: c1 with id: 1. Has permission 2.
2018-10-31 03:09:48 info: /user/new - Created user: c2 with id: 2. Has permission 2.
2018-10-31 03:09:52 info: /user/new - Created user: m1 with id: 3. Has permission 1.
2018-10-31 03:09:56 info: /user/new - Created user: m2 with id: 4. Has permission 1.
2018-10-31 03:21:27 info: /user/new - Created user: c1 with id: 1. Has permission 2.
2018-10-31 03:21:34 info: /user/new - Created user: c2 with id: 2. Has permission 2.
2018-10-31 03:21:38 info: /user/new - Created user: m1 with id: 3. Has permission 1.
2018-10-31 03:21:42 info: /user/new - Created user: m2 with id: 4. Has permission 1.
2018-10-31 03:24:55 error: /user/new Error occured while creating c1, QueryFailedError: ER_NO_SUCH_TABLE: Table 'test.user' doesn't exist
2018-10-31 03:25:15 info: /user/new - Created user: c1 with id: 1. Has permission 2.
2018-10-31 03:25:19 info: /user/new - Created user: c2 with id: 2. Has permission 2.
2018-10-31 03:25:23 info: /user/new - Created user: m1 with id: 3. Has permission 1.
2018-10-31 03:25:27 info: /user/new - Created user: m2 with id: 4. Has permission 1.
2018-10-31 03:36:32 info: /user/new - Created user: c1 with id: 1. Has permission 2.
2018-10-31 03:36:35 info: /user/new - Created user: c2 with id: 2. Has permission 2.
2018-10-31 03:36:40 info: /user/new - Created user: m1 with id: 3. Has permission 1.
2018-10-31 03:36:43 info: /user/new - Created user: m2 with id: 4. Has permission 1.
2018-10-31 03:40:50 info: /user/new - Created user: c1 with id: 1. Has permission 2.
2018-10-31 03:40:57 info: /user/new - Created user: c2 with id: 2. Has permission 2.
2018-10-31 03:41:01 info: /user/new - Created user: m1 with id: 3. Has permission 1.
2018-10-31 03:41:05 info: /user/new - Created user: m2 with id: 4. Has permission 1.
2018-10-31 03:54:31 info: /user/new - Created user: c1 with id: 1. Has permission 2.
2018-10-31 03:54:35 info: /user/new - Created user: c2 with id: 2. Has permission 2.
2018-10-31 03:54:40 info: /user/new - Created user: m1 with id: 3. Has permission 1.
2018-10-31 03:54:43 info: /user/new - Created user: m2 with id: 4. Has permission 1.
2018-10-31 04:32:50 error: /user/new Error occured while creating c1, QueryFailedError: ER_NO_SUCH_TABLE: Table 'test.user' doesn't exist
2018-10-31 04:32:54 error: /user/new Error occured while creating c2, QueryFailedError: ER_NO_SUCH_TABLE: Table 'test.user' doesn't exist
2018-10-31 04:32:59 error: /user/new Error occured while creating m1, QueryFailedError: ER_NO_SUCH_TABLE: Table 'test.user' doesn't exist
2018-10-31 04:33:03 error: /user/new Error occured while creating m2, QueryFailedError: ER_NO_SUCH_TABLE: Table 'test.user' doesn't exist
2018-10-31 04:33:37 info: /user/new - Created user: c1 with id: 1. Has permission 2.
2018-10-31 04:33:42 info: /user/new - Created user: c2 with id: 2. Has permission 2.
2018-10-31 04:33:46 info: /user/new - Created user: m1 with id: 3. Has permission 1.
2018-10-31 04:33:50 info: /user/new - Created user: m2 with id: 4. Has permission 1.
2018-10-31 17:23:16 info: /user/new - Created user: c1 with id: 1. Has permission 2.
2018-10-31 17:23:21 info: /user/new - Created user: c2 with id: 2. Has permission 2.
2018-10-31 17:23:25 info: /user/new - Created user: m1 with id: 3. Has permission 1.
2018-10-31 17:23:30 info: /user/new - Created user: m2 with id: 4. Has permission 1.
2018-10-31 17:23:39 info: /user/new - Created user: admin with id: 5. Has permission 3.
2018-10-31 17:26:21 info: /user/new - Created user: c1 with id: 1. Has permission 2.
2018-10-31 17:26:25 info: /user/new - Created user: c2 with id: 2. Has permission 2.
2018-10-31 17:26:29 info: /user/new - Created user: m1 with id: 3. Has permission 1.
2018-10-31 17:26:33 info: /user/new - Created user: m2 with id: 4. Has permission 1.
2018-10-31 17:28:07 info: /user/new - Created user: c1 with id: 1. Has permission 2.
2018-10-31 17:28:11 info: /user/new - Created user: c2 with id: 2. Has permission 2.
2018-10-31 17:28:15 info: /user/new - Created user: m1 with id: 3. Has permission 1.
2018-10-31 17:28:18 info: /user/new - Created user: m2 with id: 4. Has permission 1.
2018-10-31 22:41:32 error: /user/new Error occured while creating c1, QueryFailedError: ER_NO_SUCH_TABLE: Table 'test.user' doesn't exist
2018-10-31 22:41:41 error: /user/new Error occured while creating c2, QueryFailedError: ER_NO_SUCH_TABLE: Table 'test.user' doesn't exist
2018-10-31 22:41:51 error: /user/new Error occured while creating m1, QueryFailedError: ER_NO_SUCH_TABLE: Table 'test.user' doesn't exist
2018-10-31 22:42:00 error: /user/new Error occured while creating m2, QueryFailedError: ER_NO_SUCH_TABLE: Table 'test.user' doesn't exist
2018-10-31 22:47:13 info: /user/new - Created user: c1 with id: 1. Has permission 2.
2018-10-31 22:47:32 info: /user/new - Created user: c2 with id: 2. Has permission 2.
2018-10-31 22:47:39 info: /user/new - Created user: m1 with id: 3. Has permission 1.
2018-10-31 22:47:47 info: /user/new - Created user: m2 with id: 4. Has permission 1.
2018-10-31 22:49:12 info: /user/new - Created user: c1 with id: 1. Has permission 2.
2018-10-31 22:49:24 info: /user/new - Created user: c2 with id: 2. Has permission 2.
2018-10-31 22:49:33 info: /user/new - Created user: m1 with id: 3. Has permission 1.
2018-10-31 22:49:39 info: /user/new - Created user: m2 with id: 4. Has permission 1.
2018-11-01 16:09:44 error: /user/new Error occured while creating c1, QueryFailedError: ER_NO_SUCH_TABLE: Table 'test.user' doesn't exist
2018-11-01 16:09:48 error: /user/new Error occured while creating c2, QueryFailedError: ER_NO_SUCH_TABLE: Table 'test.user' doesn't exist
2018-11-01 16:09:54 error: /user/new Error occured while creating m1, QueryFailedError: ER_NO_SUCH_TABLE: Table 'test.user' doesn't exist
2018-11-01 16:09:58 error: /user/new Error occured while creating m2, QueryFailedError: ER_NO_SUCH_TABLE: Table 'test.user' doesn't exist
2018-11-01 16:15:51 info: /user/new - Created user: c1 with id: 1. Has permission 2.
2018-11-01 16:15:58 info: /user/new - Created user: c2 with id: 2. Has permission 2.
2018-11-01 16:16:02 info: /user/new - Created user: m1 with id: 3. Has permission 1.
2018-11-01 16:16:06 info: /user/new - Created user: m2 with id: 4. Has permission 1.
2018-11-01 18:28:46 info: /user/new - Created user: c1 with id: 1. Has permission 2.
2018-11-01 18:28:50 info: /user/new - Created user: c2 with id: 2. Has permission 2.
2018-11-01 18:28:54 info: /user/new - Created user: m1 with id: 3. Has permission 1.
2018-11-01 18:28:57 info: /user/new - Created user: m2 with id: 4. Has permission 1.
2018-11-03 13:01:45 info: /user/new - Created user: c1 with id: 1. Has permission 2.
2018-11-03 13:01:51 info: /user/new - Created user: c2 with id: 2. Has permission 2.
2018-11-03 13:02:04 info: /user/new - Created user: m1 with id: 3. Has permission 1.
2018-11-03 13:02:11 info: /user/new - Created user: m2 with id: 4. Has permission 1.
2018-11-04 02:06:26 info: /user/new - Created user: c1 with id: 1. Has permission 2.
2018-11-04 02:06:35 info: /user/new - Created user: c2 with id: 2. Has permission 2.
2018-11-04 02:06:45 info: /user/new - Created user: c3 with id: 3. Has permission 2.
2018-11-04 02:06:56 info: /user/new - Created user: m1 with id: 4. Has permission 1.
2018-11-04 02:07:02 info: /user/new - Created user: m2 with id: 5. Has permission 1.
2018-11-04 02:07:09 info: /user/new - Created user: admin with id: 6. Has permission 3.
2018-11-04 02:22:15 info: /user/new - Created user: c1 with id: 1. Has permission 2.
2018-11-04 02:22:21 info: /user/new - Created user: c2 with id: 2. Has permission 2.
2018-11-04 02:22:30 info: /user/new - Created user: c3 with id: 3. Has permission 2.
2018-11-04 02:22:38 info: /user/new - Created user: m1 with id: 4. Has permission 1.
2018-11-04 02:22:45 info: /user/new - Created user: m2 with id: 5. Has permission 1.
2018-11-04 17:03:28 info: /user/new - Created user: c1 with id: 2. Has permission 2.
2018-11-04 17:06:38 info: /user/new - Created user: c1 with id: 1. Has permission 2.
2018-11-04 17:06:44 info: /user/new - Created user: c2 with id: 2. Has permission 2.
2018-11-04 17:06:53 info: /user/new - Created user: c3 with id: 3. Has permission 2.
2018-11-04 17:06:58 info: /user/new - Created user: m1 with id: 4. Has permission 1.
2018-11-04 17:22:49 info: /user/new - Created user: c1 with id: 1. Has permission 2.
2018-11-04 17:22:56 info: /user/new - Created user: c2 with id: 2. Has permission 2.
2018-11-04 17:23:04 info: /user/new - Created user: c3 with id: 3. Has permission 2.
2018-11-04 17:23:10 info: /user/new - Created user: m1 with id: 4. Has permission 1.
2018-11-04 17:25:10 info: /user/new - Created user: c1 with id: 1. Has permission 2.
2018-11-04 17:25:17 info: /user/new - Created user: c2 with id: 2. Has permission 2.
2018-11-04 17:25:25 info: /user/new - Created user: c3 with id: 3. Has permission 2.
2018-11-04 17:25:31 info: /user/new - Created user: m1 with id: 4. Has permission 1.
2018-11-05 00:27:38 info: /user/new - Created user: m2 with id: 6. Has permission 1.
2018-11-05 02:45:28 info: /user/new - Created user: m1 with id: 6. Has permission 1.
2018-11-05 05:47:08 info: /user/new - Created user: c1 with id: 1. Has permission 2.
2018-11-05 05:47:13 info: /user/new - Created user: c2 with id: 2. Has permission 2.
2018-11-05 05:47:19 info: /user/new - Created user: c3 with id: 3. Has permission 2.
2018-11-05 05:47:42 info: /user/new - Created user: m1 with id: 4. Has permission 1.
2018-11-05 05:47:48 info: /user/new - Created user: m2 with id: 5. Has permission 1.
2018-11-05 05:47:55 info: /user/new - Created user: m3 with id: 6. Has permission 1.
2018-11-05 05:52:48 info: /user/new - Created user: c1 with id: 7. Has permission 2.
2018-11-05 05:52:53 info: /user/new - Created user: c2 with id: 8. Has permission 2.
2018-11-05 05:52:58 info: /user/new - Created user: c3 with id: 9. Has permission 2.
2018-11-05 05:53:02 info: /user/new - Created user: c4 with id: 10. Has permission 2.
2018-11-05 05:53:10 info: /user/new - Created user: c5 with id: 11. Has permission 2.
2018-11-05 05:53:20 info: /user/new - Created user: m2 with id: 12. Has permission 1.
2018-11-05 05:53:24 info: /user/new - Created user: m3 with id: 13. Has permission 1.
2018-11-05 05:53:29 info: /user/new - Created user: m4 with id: 14. Has permission 1.
2018-11-13 12:12:41 info: /user/new - Created user: c1 with id: 1. Has permission 2.
2018-11-13 12:12:45 info: /user/new - Created user: c2 with id: 2. Has permission 2.
2018-11-13 12:12:49 info: /user/new - Created user: c3 with id: 3. Has permission 2.
2018-11-13 12:12:55 info: /user/new - Created user: m1 with id: 4. Has permission 1.
2018-11-13 12:12:59 info: /user/new - Created user: m2 with id: 5. Has permission 1.
2018-11-13 12:13:07 info: /user/new - Created user: admin with id: 6. Has permission 3.
2018-11-13 21:26:49 info: /user/new - Created user: c1 with id: 1. Has permission 2.
2018-11-13 21:26:59 info: /user/new - Created user: c2 with id: 2. Has permission 2.
2018-11-13 21:27:06 info: /user/new - Created user: c3 with id: 3. Has permission 2.
2018-11-13 21:27:13 info: /user/new - Created user: m1 with id: 4. Has permission 1.
2018-11-13 21:27:18 info: /user/new - Created user: m2 with id: 5. Has permission 1.
2018-11-13 21:27:24 info: /user/new - Created user: admin with id: 6. Has permission 3.
2018-11-19 00:03:30 error: /user/new Error occured while creating c1, QueryFailedError: ER_NO_SUCH_TABLE: Table 'test.user' doesn't exist
2018-11-19 00:03:41 error: /user/new Error occured while creating c2, QueryFailedError: ER_NO_SUCH_TABLE: Table 'test.user' doesn't exist
2018-11-19 00:03:47 error: /user/new Error occured while creating c3, QueryFailedError: ER_NO_SUCH_TABLE: Table 'test.user' doesn't exist
2018-11-19 00:03:56 error: /user/new Error occured while creating m1, QueryFailedError: ER_NO_SUCH_TABLE: Table 'test.user' doesn't exist
2018-11-19 00:04:01 error: /user/new Error occured while creating m2, QueryFailedError: ER_NO_SUCH_TABLE: Table 'test.user' doesn't exist
2018-11-19 00:04:08 error: /user/new Error occured while creating admin, QueryFailedError: ER_NO_SUCH_TABLE: Table 'test.user' doesn't exist
2018-11-19 00:09:41 info: /user/new - Created user: c1 with id: 1. Has permission 2.
2018-11-19 00:09:45 info: /user/new - Created user: c2 with id: 2. Has permission 2.
2018-11-19 00:09:50 info: /user/new - Created user: c3 with id: 3. Has permission 2.
2018-11-19 00:09:55 info: /user/new - Created user: m1 with id: 4. Has permission 1.
2018-11-19 00:10:00 info: /user/new - Created user: m2 with id: 5. Has permission 1.
2018-11-19 00:10:07 info: /user/new - Created user: admin with id: 6. Has permission 3.
2018-11-19 19:06:16 info: /user/new - Created user: c1 with id: 1. Has permission 2.
2018-11-19 19:06:22 info: /user/new - Created user: c2 with id: 2. Has permission 2.
2018-11-19 19:06:28 info: /user/new - Created user: m1 with id: 3. Has permission 1.
2018-11-19 19:06:35 info: /user/new - Created user: m2 with id: 4. Has permission 1.
2018-11-19 19:06:44 info: /user/new - Created user: admin with id: 5. Has permission 3.
2018-11-19 20:00:11 info: /user/new - Created user: c1 with id: 6. Has permission 2.
2018-11-19 20:00:17 info: /user/new - Created user: c2 with id: 7. Has permission 2.
2018-11-19 20:00:24 info: /user/new - Created user: c3 with id: 8. Has permission 2.
2018-11-19 20:00:29 info: /user/new - Created user: m1 with id: 9. Has permission 1.
2018-11-19 20:00:33 info: /user/new - Created user: m1 with id: 10. Has permission 1.
2018-11-19 20:00:39 info: /user/new - Created user: m2 with id: 11. Has permission 1.
2018-11-19 20:00:46 info: /user/new - Created user: admin with id: 12. Has permission 3.
2018-11-19 20:04:01 info: /user/new - Created user: c1 with id: 1. Has permission 2.
2018-11-19 20:04:06 info: /user/new - Created user: c2 with id: 2. Has permission 2.
2018-11-19 20:04:11 info: /user/new - Created user: c3 with id: 3. Has permission 2.
2018-11-19 20:04:17 info: /user/new - Created user: m1 with id: 4. Has permission 1.
2018-11-19 20:04:22 info: /user/new - Created user: m2 with id: 5. Has permission 1.
2018-11-19 20:04:29 info: /user/new - Created user: admin with id: 6. Has permission 3.
2018-11-19 21:49:42 error: /user/new Error occured while creating c1, QueryFailedError: ER_NO_SUCH_TABLE: Table 'test.user' doesn't exist
2018-11-19 21:50:11 error: /user/new Error occured while creating c2, QueryFailedError: ER_NO_SUCH_TABLE: Table 'test.user' doesn't exist
2018-11-19 21:50:16 error: /user/new Error occured while creating c3, QueryFailedError: ER_NO_SUCH_TABLE: Table 'test.user' doesn't exist
2018-11-19 21:50:22 error: /user/new Error occured while creating m1, QueryFailedError: ER_NO_SUCH_TABLE: Table 'test.user' doesn't exist
2018-11-19 21:52:32 error: /user/new Error occured while creating c1, QueryFailedError: ER_NO_SUCH_TABLE: Table 'test.user' doesn't exist
2018-11-19 21:52:38 error: /user/new Error occured while creating c2, QueryFailedError: ER_NO_SUCH_TABLE: Table 'test.user' doesn't exist
2018-11-19 21:52:44 error: /user/new Error occured while creating c3, QueryFailedError: ER_NO_SUCH_TABLE: Table 'test.user' doesn't exist
2018-11-19 21:53:31 error: /user/new Error occured while creating c1, QueryFailedError: ER_NO_SUCH_TABLE: Table 'test.user' doesn't exist
2018-11-19 21:53:56 info: /user/new - Created user: c1 with id: 1. Has permission 2.
2018-11-19 21:54:02 info: /user/new - Created user: c2 with id: 2. Has permission 2.
2018-11-19 21:54:07 info: /user/new - Created user: c3 with id: 3. Has permission 2.
2018-11-19 21:54:12 info: /user/new - Created user: m1 with id: 4. Has permission 1.
2018-11-19 21:54:17 info: /user/new - Created user: m2 with id: 5. Has permission 1.
2018-11-19 21:54:22 info: /user/new - Created user: admin with id: 6. Has permission 3.
2018-11-24 23:23:53 info: /user/new - Created user: c1 with id: 1. Has permission 2.
2018-11-24 23:24:00 info: /user/new - Created user: c2 with id: 2. Has permission 2.
2018-11-24 23:24:06 info: /user/new - Created user: c3 with id: 3. Has permission 2.
2018-11-24 23:24:11 info: /user/new - Created user: m1 with id: 4. Has permission 1.
2018-11-24 23:24:15 info: /user/new - Created user: m2 with id: 5. Has permission 1.
2018-11-24 23:24:23 info: /user/new - Created user: admin with id: 6. Has permission 3.
2018-11-25 02:17:18 info: /user/new - Created user: c1 with id: 1. Has permission 2.
2018-11-25 02:17:23 info: /user/new - Created user: c2 with id: 2. Has permission 2.
2018-11-25 02:17:27 info: /user/new - Created user: c3 with id: 3. Has permission 2.
2018-11-25 02:17:33 info: /user/new - Created user: m1 with id: 4. Has permission 1.
2018-11-25 02:17:41 info: /user/new - Created user: m2 with id: 5. Has permission 1.
2018-11-25 02:17:46 info: /user/new - Created user: admin with id: 6. Has permission 3.
2018-11-25 02:23:00 info: /user/new - Created user: c1 with id: 1. Has permission 2.
2018-11-25 02:23:06 info: /user/new - Created user: c2 with id: 2. Has permission 2.
2018-11-25 02:23:11 info: /user/new - Created user: c3 with id: 3. Has permission 2.
2018-11-25 02:23:16 info: /user/new - Created user: m1 with id: 4. Has permission 1.
2018-11-25 02:23:20 info: /user/new - Created user: m2 with id: 5. Has permission 1.
2018-11-25 02:23:28 info: /user/new - Created user: admin with id: 6. Has permission 3.
2018-11-25 02:30:54 info: /user/new - Created user: c1 with id: 1. Has permission 2.
2018-11-25 02:30:59 info: /user/new - Created user: c2 with id: 2. Has permission 2.
2018-11-25 02:31:04 info: /user/new - Created user: c3 with id: 3. Has permission 2.
2018-11-25 02:31:11 info: /user/new - Created user: m1 with id: 4. Has permission 1.
2018-11-25 02:31:15 info: /user/new - Created user: m2 with id: 5. Has permission 1.
2018-11-26 00:27:49 info: /user/new - Created user: c1 with id: 1. Has permission 2.
2018-11-26 00:27:55 info: /user/new - Created user: c2 with id: 2. Has permission 2.
2018-11-26 00:28:03 info: /user/new - Created user: c3 with id: 3. Has permission 2.
2018-11-26 00:28:08 info: /user/new - Created user: m1 with id: 4. Has permission 1.
2018-11-26 00:28:14 info: /user/new - Created user: m2 with id: 5. Has permission 1.
2018-11-26 00:28:20 info: /user/new - Created user: admin with id: 6. Has permission 3.
2018-11-27 12:31:01 info: /user/new - Created user: multirole with id: 23. Has permission 10.
2018-11-27 12:31:55 info: /user/7 - Could not find 7s profile
2018-11-27 12:32:01 info: /user/6 - Could not find 6s profile
2018-11-27 12:32:48 info: /user/7 - Could not find 7s profile
2018-11-27 12:32:48 info: /user/7 - Could not find 7s profile
2018-11-27 12:32:53 info: /user/6 - Could not find 6s profile
2018-11-27 12:33:23 info: /user/5 - Could not find 5s profile
2018-11-27 12:33:27 info: /user/4 - Could not find 4s profile
2018-11-27 12:34:35 info: /user/new - Created user: multirole with id: 7. Has permission 10.
2018-11-27 12:35:06 info: /user/multirole - admin accessed multiroles profile
2018-11-27 12:35:33 info: /user/multirole - admin accessed multiroles profile
2018-11-27 12:39:52 info: /user/new - Created user: testmulti with id: 8. Has permission 10.
2018-11-27 12:40:41 info: /user/new - Created user: testmulti2 with id: 9. Has permission 10.
2018-11-27 12:42:36 info: /user/new - Created user: tm3 with id: 10. Has permission 11.
2018-11-27 12:43:59 info: /user/tm3 - admin accessed tm3s profile
2018-11-27 12:45:30 info: /user/tm3 - admin accessed tm3s profile
2018-11-27 18:58:23 info: /user/new - Created user: c1 with id: 1. Has permission 1.
2018-11-27 18:58:32 info: /user/new - Created user: c2 with id: 2. Has permission 1.
2018-11-27 18:58:36 info: /user/new - Created user: c3 with id: 3. Has permission 1.
2018-11-27 18:58:41 info: /user/new - Created user: m1 with id: 4. Has permission 10.
2018-11-27 18:58:45 info: /user/new - Created user: m2 with id: 5. Has permission 10.
2018-11-27 18:58:51 info: /user/new - Created user: admin with id: 6. Has permission 100.
2018-11-27 19:05:11 info: /user/new - Created user: c1 with id: 1. Has permission 1.
2018-11-27 19:05:19 info: /user/new - Created user: c2 with id: 2. Has permission 1.
2018-11-27 19:05:23 info: /user/new - Created user: c3 with id: 3. Has permission 1.
2018-11-27 19:05:28 info: /user/new - Created user: m1 with id: 4. Has permission 10.
2018-11-27 19:05:32 info: /user/new - Created user: m2 with id: 5. Has permission 10.
2018-11-27 19:05:38 info: /user/new - Created user: admin with id: 6. Has permission 100.
2018-11-27 19:07:22 info: /user/new - Created user: c1 with id: 1. Has permission 1.
2018-11-27 19:07:29 info: /user/new - Created user: c2 with id: 2. Has permission 1.
2018-11-27 19:07:32 info: /user/new - Created user: c3 with id: 3. Has permission 1.
2018-11-27 19:07:36 info: /user/new - Created user: m1 with id: 4. Has permission 10.
2018-11-27 19:07:40 info: /user/new - Created user: m2 with id: 5. Has permission 10.
2018-11-27 19:07:46 info: /user/new - Created user: admin with id: 6. Has permission 100.
2018-11-27 19:28:51 info: /user/new - Created user: c1 with id: 1. Has permission 1.
2018-11-27 19:28:59 info: /user/new - Created user: c2 with id: 2. Has permission 1.
2018-11-27 19:29:02 info: /user/new - Created user: c3 with id: 3. Has permission 1.
2018-11-27 19:29:06 info: /user/new - Created user: m1 with id: 4. Has permission 10.
2018-11-27 19:29:09 info: /user/new - Created user: m2 with id: 5. Has permission 10.
2018-11-27 19:29:15 info: /user/new - Created user: admin with id: 6. Has permission 100.
2018-11-27 19:37:08 info: /user/new - Created user: test with id: 7. Has permission 1.
2018-11-27 19:37:32 info: /user/new - Created user: mm with id: 8. Has permission 1.
2018-11-27 19:38:47 info: /user/new - Created user: testing with id: 9. Has permission 3.
2018-11-27 19:38:53 info: /user/new - Created user: man with id: 10. Has permission 1.
2018-11-27 19:38:59 info: /user/new - Created user: mannn with id: 11. Has permission 1.
2018-11-27 19:39:06 info: /user/new - Created user: can with id: 12. Has permission 2.
2018-11-27 19:39:10 info: /user/new - Created user: ad with id: 13. Has permission 3.
2018-11-27 19:53:34 info: /user/new - Created user: c1 with id: 1. Has permission 2.
2018-11-27 19:53:40 info: /user/new - Created user: c1 with id: 2. Has permission 2.
2018-11-27 19:54:02 info: /user/new - Created user: c2 with id: 3. Has permission 2.
2018-11-27 19:55:55 info: /user/new - Created user: c1 with id: 1. Has permission 2.
2018-11-27 19:55:59 info: /user/new - Created user: c2 with id: 2. Has permission 2.
2018-11-27 19:56:03 info: /user/new - Created user: c3 with id: 3. Has permission 2.
2018-11-27 19:56:07 info: /user/new - Created user: m1 with id: 4. Has permission 1.
2018-11-27 19:56:11 info: /user/new - Created user: m2 with id: 5. Has permission 1.
2018-11-27 19:56:16 info: /user/new - Created user: admin with id: 6. Has permission 3.
2018-11-27 20:07:52 error: /user/new Error occured while creating c1, QueryFailedError: ER_NO_SUCH_TABLE: Table 'test.user' doesn't exist
2018-11-27 20:07:56 error: /user/new Error occured while creating c2, QueryFailedError: ER_NO_SUCH_TABLE: Table 'test.user' doesn't exist
2018-11-27 20:08:00 error: /user/new Error occured while creating c3, QueryFailedError: ER_NO_SUCH_TABLE: Table 'test.user' doesn't exist
2018-11-27 20:08:04 error: /user/new Error occured while creating m1, QueryFailedError: ER_NO_SUCH_TABLE: Table 'test.user' doesn't exist
2018-11-27 20:08:08 error: /user/new Error occured while creating m2, QueryFailedError: ER_NO_SUCH_TABLE: Table 'test.user' doesn't exist
2018-11-27 20:08:48 info: /user/new - Created user: c1 with id: 1. Has permission 2.
2018-11-27 20:08:53 info: /user/new - Created user: c2 with id: 2. Has permission 2.
2018-11-27 20:08:56 info: /user/new - Created user: c3 with id: 3. Has permission 2.
2018-11-27 20:09:01 info: /user/new - Created user: m1 with id: 4. Has permission 1.
2018-11-27 20:09:05 info: /user/new - Created user: m2 with id: 5. Has permission 1.
2018-11-27 20:09:11 info: /user/new - Created user: admin with id: 6. Has permission 3.
2018-11-27 20:15:55 info: /user/new - Created user: c1 with id: 1. Has permission 2.
2018-11-27 20:15:59 info: /user/new - Created user: c2 with id: 2. Has permission 2.
2018-11-27 20:16:03 info: /user/new - Created user: c3 with id: 3. Has permission 2.
2018-11-27 20:16:08 info: /user/new - Created user: m1 with id: 4. Has permission 1.
2018-11-27 20:16:12 info: /user/new - Created user: m2 with id: 5. Has permission 1.
2018-11-27 20:16:19 info: /user/new - Created user: admin with id: 6. Has permission 3.
2018-11-27 21:18:02 error: /user/new Error occured while creating c1, QueryFailedError: ER_NO_SUCH_TABLE: Table 'test.user' doesn't exist
2018-11-27 21:19:16 info: /user/new - Created user: c1 with id: 1. Has permission 2.
2018-11-27 21:19:23 info: /user/new - Created user: c2 with id: 2. Has permission 2.
2018-11-27 21:19:32 info: /user/new - Created user: c3 with id: 3. Has permission 2.
2018-11-27 21:19:38 info: /user/new - Created user: m1 with id: 4. Has permission 1.
2018-11-27 21:19:43 info: /user/new - Created user: m2 with id: 5. Has permission 1.
2018-11-27 21:41:12 info: /user/new - Created user: c1 with id: 1. Has permission 2.
2018-11-27 21:41:20 info: /user/new - Created user: c2 with id: 2. Has permission 2.
2018-11-27 21:41:24 info: /user/new - Created user: c3 with id: 3. Has permission 2.
2018-11-27 21:41:29 info: /user/new - Created user: m1 with id: 4. Has permission 1.
2018-11-27 23:45:59 info: /user/new - Created user: c1 with id: 1. Has permission 2.
2018-11-27 23:46:03 info: /user/new - Created user: c2 with id: 2. Has permission 2.
2018-11-27 23:46:06 info: /user/new - Created user: c3 with id: 3. Has permission 2.
2018-11-27 23:46:11 info: /user/new - Created user: m1 with id: 4. Has permission 1.
2018-11-27 23:46:18 info: /user/new - Created user: m2 with id: 5. Has permission 1.
2018-11-28 03:46:05 info: /user/new - Created user: c1 with id: 1. Has permission 2.
2018-11-28 03:46:09 info: /user/new - Created user: c2 with id: 2. Has permission 2.
2018-11-28 03:46:13 info: /user/new - Created user: c3 with id: 3. Has permission 2.
2018-11-28 03:46:19 info: /user/new - Created user: m1 with id: 4. Has permission 1.
2018-11-28 03:46:23 info: /user/new - Created user: m2 with id: 5. Has permission 1.
2018-11-28 03:46:30 info: /user/new - Created user: admin with id: 6. Has permission 3.
2018-11-28 15:14:41 info: /user/new - Created user: c1 with id: 1. Has permission 2.
2018-11-28 15:14:47 info: /user/new - Created user: c2 with id: 2. Has permission 2.
2018-11-28 15:14:51 info: /user/new - Created user: c3 with id: 3. Has permission 2.
2018-11-28 15:14:56 info: /user/new - Created user: m1 with id: 4. Has permission 1.
2018-11-28 15:15:02 info: /user/new - Created user: m2 with id: 5. Has permission 1.
2018-11-28 15:33:01 error: /user/new Error occured while creating c1, QueryFailedError: ER_NO_SUCH_TABLE: Table 'test.user' doesn't exist
2018-11-28 15:33:05 error: /user/new Error occured while creating c2, QueryFailedError: ER_NO_SUCH_TABLE: Table 'test.user' doesn't exist
2018-11-28 15:33:09 error: /user/new Error occured while creating c3, QueryFailedError: ER_NO_SUCH_TABLE: Table 'test.user' doesn't exist
2018-11-28 15:33:13 error: /user/new Error occured while creating m1, QueryFailedError: ER_NO_SUCH_TABLE: Table 'test.user' doesn't exist
2018-11-28 15:33:20 error: /user/new Error occured while creating m2, QueryFailedError: ER_NO_SUCH_TABLE: Table 'test.user' doesn't exist
2018-11-28 15:34:40 info: /user/new - Created user: c1 with id: 1. Has permission 2.
2018-11-28 15:34:45 info: /user/new - Created user: c2 with id: 2. Has permission 2.
2018-11-28 15:34:50 info: /user/new - Created user: c3 with id: 3. Has permission 2.
2018-11-28 15:34:55 info: /user/new - Created user: m1 with id: 4. Has permission 1.
2018-11-28 15:34:59 info: /user/new - Created user: m2 with id: 5. Has permission 1.
2018-11-28 16:49:32 info: /user/new - Created user: c1 with id: 1. Has permission 2.
2018-11-28 16:49:37 info: /user/new - Created user: c2 with id: 2. Has permission 2.
2018-11-28 16:49:41 info: /user/new - Created user: c3 with id: 3. Has permission 2.
2018-11-28 16:49:46 info: /user/new - Created user: m1 with id: 4. Has permission 1.
2018-11-28 16:49:52 info: /user/new - Created user: m2 with id: 5. Has permission 1.
2018-11-28 19:02:43 info: /user/new - Created user: test with id: 10. Has permission 2.
2018-11-28 21:15:47 error: /user/new Error occured while creating c1, QueryFailedError: ER_NO_SUCH_TABLE: Table 'sc_test.user' doesn't exist
2018-11-28 21:19:02 info: /user/new - Created user: c1 with id: 1. Has permission 2.
2018-11-28 21:19:10 info: /user/new - Created user: c2 with id: 2. Has permission 2.
2018-11-28 21:19:15 info: /user/new - Created user: c3 with id: 3. Has permission 2.
2018-11-28 21:20:03 info: /user/new - Created user: m1 with id: 4. Has permission 1.
2018-11-28 21:20:09 info: /user/new - Created user: m2 with id: 5. Has permission 1.
2018-11-28 21:20:15 info: /user/new - Created user: admin with id: 6. Has permission 3.
2018-11-28 21:56:51 info: /user/new - Created user: c4 with id: 7. Has permission 2.
2018-11-28 21:56:59 info: /user/new - Created user: c5 with id: 8. Has permission 2.
2018-11-28 21:57:07 info: /user/new - Created user: c6 with id: 9. Has permission 2.
2018-11-28 23:50:43 info: /user/new - Created user: c1 with id: 1. Has permission 2.
2018-11-28 23:50:53 info: /user/new - Created user: c2 with id: 2. Has permission 2.
2018-11-28 23:50:58 info: /user/new - Created user: c3 with id: 3. Has permission 2.
2018-11-28 23:51:04 info: /user/new - Created user: m1 with id: 4. Has permission 1.
2018-11-29 00:49:27 info: /user/new - Created user: c1 with id: 1. Has permission 2.
2018-11-29 00:49:32 info: /user/new - Created user: c2 with id: 2. Has permission 2.
2018-11-29 00:49:36 info: /user/new - Created user: c3 with id: 3. Has permission 2.
2018-11-29 00:49:40 info: /user/new - Created user: m1 with id: 4. Has permission 1.
2018-11-29 01:20:38 info: /user/new - Created user: c1 with id: 1. Has permission 2.
2018-11-29 01:20:42 info: /user/new - Created user: c2 with id: 2. Has permission 2.
2018-11-29 01:20:46 info: /user/new - Created user: c3 with id: 3. Has permission 2.
2018-11-29 01:21:13 info: /user/new - Created user: m1 with id: 4. Has permission 1.
2018-11-29 02:23:04 info: /user/new - Created user: c1 with id: 1. Has permission 2.
2018-11-29 02:23:07 info: /user/new - Created user: c2 with id: 2. Has permission 2.
2018-11-29 02:23:13 info: /user/new - Created user: c3 with id: 3. Has permission 2.
2018-11-29 02:23:18 info: /user/new - Created user: m1 with id: 4. Has permission 1.
2018-11-29 04:28:08 info: /user/new - Created user: c1 with id: 8. Has permission 2.
2018-11-29 04:28:14 info: /user/new - Created user: c2 with id: 9. Has permission 2.
2018-11-29 04:28:19 info: /user/new - Created user: c3 with id: 10. Has permission 2.
2018-11-29 04:28:23 info: /user/new - Created user: m1 with id: 11. Has permission 1.
2018-11-29 04:31:55 info: /user/new - Created user: c1 with id: 1. Has permission 2.
2018-11-29 04:32:06 info: /user/new - Created user: c2 with id: 2. Has permission 2.
2018-11-29 04:32:11 info: /user/new - Created user: c3 with id: 3. Has permission 2.
2018-11-29 04:32:17 info: /user/new - Created user: m1 with id: 4. Has permission 1.
2018-11-29 04:57:23 info: /user/new - Created user: c1 with id: 1. Has permission 2.
2018-11-29 04:57:28 info: /user/new - Created user: c2 with id: 2. Has permission 2.
2018-11-29 04:57:33 info: /user/new - Created user: c3 with id: 3. Has permission 2.
2018-11-29 04:57:37 info: /user/new - Created user: m1 with id: 4. Has permission 1.
2018-11-29 17:30:13 info: /user/new - Created user: c1 with id: 1. Has permission 2.
2018-11-29 17:30:22 info: /user/new - Created user: c2 with id: 2. Has permission 2.
2018-11-29 17:30:26 info: /user/new - Created user: c3 with id: 3. Has permission 2.
2018-11-29 17:30:30 info: /user/new - Created user: m1 with id: 4. Has permission 1.
2018-11-29 18:11:13 info: /user/new - Created user: c1 with id: 1. Has permission 2.
2018-11-29 18:11:17 info: /user/new - Created user: c2 with id: 2. Has permission 2.
2018-11-29 18:11:21 info: /user/new - Created user: c3 with id: 3. Has permission 2.
2018-11-29 18:11:25 info: /user/new - Created user: m1 with id: 4. Has permission 1.
2018-11-29 18:50:04 info: /user/new - Created user: admin with id: 5. Has permission 3.
2018-11-29 18:50:04 info: /user/new - Created user: CampaignManager1 with id: 6. Has permission 1.
2018-11-29 18:50:05 info: /user/new - Created user: CampaignManager2 with id: 7. Has permission 1.
2018-11-29 18:50:05 info: /user/new - Created user: Canvasser1 with id: 8. Has permission 2.
2018-11-29 18:50:05 info: /user/new - Created user: Canvasser2 with id: 9. Has permission 2.
2018-11-29 18:50:05 info: /user/new - Created user: Canvasser3 with id: 10. Has permission 2.
2018-11-29 21:46:21 info: /user/new - Created user: admin with id: 1. Has permission 3.
2018-11-29 21:46:21 info: /user/new - Created user: CampaignManager1 with id: 2. Has permission 1.
2018-11-29 21:46:21 info: /user/new - Created user: CampaignManager2 with id: 3. Has permission 1.
2018-11-29 21:46:22 info: /user/new - Created user: Canvasser1 with id: 4. Has permission 2.
2018-11-29 21:46:22 info: /user/new - Created user: Canvasser2 with id: 5. Has permission 2.
2018-11-29 21:46:22 info: /user/new - Created user: Canvasser3 with id: 6. Has permission 2.
2018-11-29 22:41:30 info: /user/new - Created user: admin with id: 1. Has permission 3.
2018-11-29 22:41:30 info: /user/new - Created user: CampaignManager1 with id: 2. Has permission 1.
2018-11-29 22:41:30 info: /user/new - Created user: CampaignManager2 with id: 3. Has permission 1.
2018-11-29 22:41:30 info: /user/new - Created user: Canvasser1 with id: 4. Has permission 2.
2018-11-29 22:41:31 info: /user/new - Created user: Canvasser2 with id: 5. Has permission 2.
2018-11-29 22:41:31 info: /user/new - Created user: Canvasser3 with id: 6. Has permission 2.
2018-11-29 23:05:51 error: Could not find user in admin in database, QueryFailedError: ER_NO_SUCH_TABLE: Table 'test.user' doesn't exist
2018-11-29 23:05:51 error: /user/new Error occured while creating admin, QueryFailedError: ER_NO_SUCH_TABLE: Table 'test.user' doesn't exist
2018-11-29 23:05:51 error: Could not find user in CampaignManager1 in database, QueryFailedError: ER_NO_SUCH_TABLE: Table 'test.user' doesn't exist
2018-11-29 23:05:51 error: /user/new Error occured while creating CampaignManager1, QueryFailedError: ER_NO_SUCH_TABLE: Table 'test.user' doesn't exist
2018-11-29 23:05:51 error: Could not find user in CampaignManager2 in database, QueryFailedError: ER_NO_SUCH_TABLE: Table 'test.user' doesn't exist
2018-11-29 23:05:51 error: /user/new Error occured while creating CampaignManager2, QueryFailedError: ER_NO_SUCH_TABLE: Table 'test.user' doesn't exist
2018-11-29 23:05:51 error: Could not find user in Canvasser1 in database, QueryFailedError: ER_NO_SUCH_TABLE: Table 'test.user' doesn't exist
2018-11-29 23:05:52 error: /user/new Error occured while creating Canvasser1, QueryFailedError: ER_NO_SUCH_TABLE: Table 'test.user' doesn't exist
2018-11-29 23:05:52 error: Could not find user in Canvasser2 in database, QueryFailedError: ER_NO_SUCH_TABLE: Table 'test.user' doesn't exist
2018-11-29 23:05:52 error: /user/new Error occured while creating Canvasser2, QueryFailedError: ER_NO_SUCH_TABLE: Table 'test.user' doesn't exist
2018-11-29 23:05:52 error: Could not find user in Canvasser3 in database, QueryFailedError: ER_NO_SUCH_TABLE: Table 'test.user' doesn't exist
2018-11-29 23:05:52 error: /user/new Error occured while creating Canvasser3, QueryFailedError: ER_NO_SUCH_TABLE: Table 'test.user' doesn't exist
2018-11-29 23:07:03 info: /user/new - Created user: admin with id: 1. Has permission 3.
2018-11-29 23:07:04 info: /user/new - Created user: CampaignManager1 with id: 2. Has permission 1.
2018-11-29 23:07:04 info: /user/new - Created user: CampaignManager2 with id: 3. Has permission 1.
2018-11-29 23:07:04 info: /user/new - Created user: Canvasser1 with id: 4. Has permission 2.
2018-11-29 23:07:04 info: /user/new - Created user: Canvasser2 with id: 5. Has permission 2.
2018-11-29 23:07:05 info: /user/new - Created user: Canvasser3 with id: 6. Has permission 2.
2018-11-29 23:14:35 info: /user/new - Created user: admin with id: 1. Has permission 3.
2018-11-29 23:14:35 info: /user/new - Created user: CampaignManager1 with id: 2. Has permission 1.
2018-11-29 23:14:36 info: /user/new - Created user: CampaignManager2 with id: 3. Has permission 1.
2018-11-29 23:14:36 info: /user/new - Created user: Canvasser1 with id: 4. Has permission 2.
2018-11-29 23:14:36 info: /user/new - Created user: Canvasser2 with id: 5. Has permission 2.
2018-11-29 23:14:36 info: /user/new - Created user: Canvasser3 with id: 6. Has permission 2.
2018-11-29 23:24:49 info: /user/new - Created user: admin with id: 1. Has permission 3.
2018-11-29 23:24:50 info: /user/new - Created user: CampaignManager1 with id: 2. Has permission 1.
2018-11-29 23:24:50 info: /user/new - Created user: CampaignManager2 with id: 3. Has permission 1.
2018-11-29 23:24:50 info: /user/new - Created user: Canvasser1 with id: 4. Has permission 2.
2018-11-29 23:24:50 info: /user/new - Created user: Canvasser2 with id: 5. Has permission 2.
2018-11-29 23:24:51 info: /user/new - Created user: Canvasser3 with id: 6. Has permission 2.
2018-11-29 23:40:27 info: /user/new - Created user: admin with id: 1. Has permission 3.
2018-11-29 23:40:27 info: /user/new - Created user: CampaignManager1 with id: 2. Has permission 1.
2018-11-29 23:40:27 info: /user/new - Created user: CampaignManager2 with id: 3. Has permission 1.
2018-11-29 23:40:27 info: /user/new - Created user: Canvasser1 with id: 4. Has permission 2.
2018-11-29 23:40:28 info: /user/new - Created user: Canvasser2 with id: 5. Has permission 2.
2018-11-29 23:40:28 info: /user/new - Created user: Canvasser3 with id: 6. Has permission 2.
2018-11-29 23:43:15 info: /user/new - Created user: admin with id: 1. Has permission 3.
2018-11-29 23:43:15 info: /user/new - Created user: CampaignManager1 with id: 2. Has permission 1.
2018-11-29 23:43:15 info: /user/new - Created user: CampaignManager2 with id: 3. Has permission 1.
2018-11-29 23:43:15 info: /user/new - Created user: Canvasser1 with id: 4. Has permission 2.
2018-11-29 23:43:16 info: /user/new - Created user: Canvasser2 with id: 5. Has permission 2.
2018-11-29 23:43:16 info: /user/new - Created user: Canvasser3 with id: 6. Has permission 2.
2018-11-30 00:19:29 info: /user/new - Created user: admin with id: 1. Has permission 3.
2018-11-30 00:19:29 info: /user/new - Created user: CampaignManager1 with id: 2. Has permission 1.
2018-11-30 00:19:29 info: /user/new - Created user: CampaignManager2 with id: 3. Has permission 1.
2018-11-30 00:19:30 info: /user/new - Created user: Canvasser1 with id: 4. Has permission 2.
2018-11-30 00:19:30 info: /user/new - Created user: Canvasser2 with id: 5. Has permission 2.
2018-11-30 00:19:30 info: /user/new - Created user: Canvasser3 with id: 6. Has permission 2.
2018-11-30 00:29:09 info: /user/new - Created user: admin with id: 1. Has permission 3.
2018-11-30 00:29:10 info: /user/new - Created user: CampaignManager1 with id: 2. Has permission 1.
2018-11-30 00:29:10 info: /user/new - Created user: CampaignManager2 with id: 3. Has permission 1.
2018-11-30 00:29:10 info: /user/new - Created user: Canvasser1 with id: 4. Has permission 2.
2018-11-30 00:29:10 info: /user/new - Created user: Canvasser2 with id: 5. Has permission 2.
2018-11-30 00:29:11 info: /user/new - Created user: Canvasser3 with id: 6. Has permission 2.
2018-11-30 02:10:16 info: /user/new - Created user: admin with id: 1. Has permission 3.
2018-11-30 02:10:17 info: /user/new - Created user: CampaignManager1 with id: 2. Has permission 1.
2018-11-30 02:10:17 info: /user/new - Created user: CampaignManager2 with id: 3. Has permission 1.
2018-11-30 02:10:17 info: /user/new - Created user: Canvasser1 with id: 4. Has permission 2.
2018-11-30 02:10:17 info: /user/new - Created user: Canvasser2 with id: 5. Has permission 2.
2018-11-30 02:10:18 info: /user/new - Created user: Canvasser3 with id: 6. Has permission 2.
2018-11-30 03:37:11 info: /user/new - Created user: c1 with id: 1. Has permission 2.
2018-11-30 03:37:18 info: /user/new - Created user: c2 with id: 2. Has permission 2.
2018-11-30 03:37:22 info: /user/new - Created user: c3 with id: 3. Has permission 2.
2018-11-30 03:37:27 info: /user/new - Created user: m1 with id: 4. Has permission 1.
2018-11-30 03:46:14 info: /user/new - Created user: c1 with id: 1. Has permission 2.
2018-11-30 03:46:19 info: /user/new - Created user: c2 with id: 2. Has permission 2.
2018-11-30 03:46:22 info: /user/new - Created user: c3 with id: 3. Has permission 2.
2018-11-30 03:46:26 info: /user/new - Created user: m1 with id: 4. Has permission 1.
2018-11-30 04:41:16 info: /user/new - Created user: admin with id: 1. Has permission 3.
2018-11-30 04:41:16 info: /user/new - Created user: CampaignManager1 with id: 2. Has permission 1.
2018-11-30 04:41:16 info: /user/new - Created user: CampaignManager2 with id: 3. Has permission 1.
2018-11-30 04:41:16 info: /user/new - Created user: Canvasser1 with id: 4. Has permission 2.
2018-11-30 04:41:16 info: /user/new - Created user: Canvasser2 with id: 5. Has permission 2.
2018-11-30 04:41:17 info: /user/new - Created user: Canvasser3 with id: 6. Has permission 2.
2018-11-30 06:25:10 info: /user/new - Created user: admin with id: 1. Has permission 3.
2018-11-30 06:25:10 info: /user/new - Created user: CampaignManager1 with id: 2. Has permission 1.
2018-11-30 06:25:10 info: /user/new - Created user: CampaignManager2 with id: 3. Has permission 1.
2018-11-30 06:25:11 info: /user/new - Created user: Canvasser1 with id: 4. Has permission 2.
2018-11-30 06:25:11 info: /user/new - Created user: Canvasser2 with id: 5. Has permission 2.
2018-11-30 06:25:11 info: /user/new - Created user: Canvasser3 with id: 6. Has permission 2.
2018-11-30 06:36:38 info: /user/new - Created user: admin with id: 1. Has permission 3.
2018-11-30 06:36:39 info: /user/new - Created user: CampaignManager1 with id: 2. Has permission 1.
2018-11-30 06:36:39 info: /user/new - Created user: CampaignManager2 with id: 3. Has permission 1.
2018-11-30 06:36:39 info: /user/new - Created user: Canvasser1 with id: 4. Has permission 2.
2018-11-30 06:36:39 info: /user/new - Created user: Canvasser2 with id: 5. Has permission 2.
2018-11-30 06:36:40 info: /user/new - Created user: Canvasser3 with id: 6. Has permission 2.
2018-11-30 18:56:51 info: /user/new - Created user: admin with id: 1. Has permission 3.
2018-11-30 18:56:51 info: /user/new - Created user: CampaignManager1 with id: 2. Has permission 1.
2018-11-30 18:56:52 info: /user/new - Created user: CampaignManager2 with id: 3. Has permission 1.
2018-11-30 18:56:52 info: /user/new - Created user: Canvasser1 with id: 4. Has permission 2.
2018-11-30 18:56:52 info: /user/new - Created user: Canvasser2 with id: 5. Has permission 2.
2018-11-30 18:56:52 info: /user/new - Created user: Canvasser3 with id: 6. Has permission 2.
2018-11-30 19:01:10 info: /user/new - Created user: admin with id: 1. Has permission 3.
2018-11-30 19:01:10 info: /user/new - Created user: CampaignManager1 with id: 2. Has permission 1.
2018-11-30 19:01:10 info: /user/new - Created user: CampaignManager2 with id: 3. Has permission 1.
2018-11-30 19:01:10 info: /user/new - Created user: Canvasser1 with id: 4. Has permission 2.
2018-11-30 19:01:11 info: /user/new - Created user: Canvasser2 with id: 5. Has permission 2.
2018-11-30 19:01:11 info: /user/new - Created user: Canvasser3 with id: 6. Has permission 2.
2018-11-30 19:16:18 info: /user/new - Created user: admin with id: 1. Has permission 3.
2018-11-30 19:16:18 info: /user/new - Created user: CampaignManager1 with id: 2. Has permission 1.
2018-11-30 19:16:18 info: /user/new - Created user: CampaignManager2 with id: 3. Has permission 1.
2018-11-30 19:16:19 info: /user/new - Created user: Canvasser1 with id: 4. Has permission 2.
2018-11-30 19:16:19 info: /user/new - Created user: Canvasser2 with id: 5. Has permission 2.
2018-11-30 19:16:19 info: /user/new - Created user: Canvasser3 with id: 6. Has permission 2.
2018-11-30 23:46:49 info: /user/new - Created user: Canvasser3 with id: 9. Has permission 2.
2018-11-30 23:49:20 info: /user/new - Created user: admin with id: 1. Has permission 3.
2018-11-30 23:49:20 info: /user/new - Created user: CampaignManager1 with id: 2. Has permission 1.
2018-11-30 23:49:20 info: /user/new - Created user: CampaignManager2 with id: 3. Has permission 1.
2018-11-30 23:49:21 info: /user/new - Created user: Canvasser1 with id: 4. Has permission 2.
2018-11-30 23:49:21 info: /user/new - Created user: Canvasser2 with id: 5. Has permission 2.
2018-11-30 23:49:21 info: /user/new - Created user: Canvasser3 with id: 6. Has permission 2.
2018-11-30 23:52:14 info: /user/new - Created user: admin with id: 1. Has permission 3.
2018-11-30 23:52:14 info: /user/new - Created user: CampaignManager1 with id: 2. Has permission 1.
2018-11-30 23:52:14 info: /user/new - Created user: CampaignManager2 with id: 3. Has permission 1.
2018-11-30 23:52:15 info: /user/new - Created user: Canvasser1 with id: 4. Has permission 2.
2018-11-30 23:52:15 info: /user/new - Created user: Canvasser2 with id: 5. Has permission 2.
2018-11-30 23:52:15 info: /user/new - Created user: Canvasser3 with id: 6. Has permission 2.
2018-11-30 23:57:22 info: /user/new - Created user: admin with id: 1. Has permission 3.
2018-11-30 23:57:22 info: /user/new - Created user: CampaignManager1 with id: 2. Has permission 1.
2018-11-30 23:57:22 info: /user/new - Created user: CampaignManager2 with id: 3. Has permission 1.
2018-11-30 23:57:23 info: /user/new - Created user: Canvasser1 with id: 4. Has permission 2.
2018-11-30 23:57:23 info: /user/new - Created user: Canvasser2 with id: 5. Has permission 2.
2018-11-30 23:57:23 info: /user/new - Created user: Canvasser3 with id: 6. Has permission 2.
2018-12-01 00:40:55 error: Could not find user in admin in database, QueryFailedError: ER_NO_SUCH_TABLE: Table 'test.user' doesn't exist
2018-12-01 00:40:55 error: /user/new Error occured while creating admin, QueryFailedError: ER_NO_SUCH_TABLE: Table 'test.user' doesn't exist
2018-12-01 00:40:55 error: Could not find user in CampaignManager1 in database, QueryFailedError: ER_NO_SUCH_TABLE: Table 'test.user' doesn't exist
2018-12-01 00:40:55 error: /user/new Error occured while creating CampaignManager1, QueryFailedError: ER_NO_SUCH_TABLE: Table 'test.user' doesn't exist
2018-12-01 00:40:55 error: Could not find user in CampaignManager2 in database, QueryFailedError: ER_NO_SUCH_TABLE: Table 'test.user' doesn't exist
2018-12-01 00:40:55 error: /user/new Error occured while creating CampaignManager2, QueryFailedError: ER_NO_SUCH_TABLE: Table 'test.user' doesn't exist
2018-12-01 00:40:55 error: Could not find user in Canvasser1 in database, QueryFailedError: ER_NO_SUCH_TABLE: Table 'test.user' doesn't exist
2018-12-01 00:40:55 error: /user/new Error occured while creating Canvasser1, QueryFailedError: ER_NO_SUCH_TABLE: Table 'test.user' doesn't exist
2018-12-01 00:40:56 error: Could not find user in Canvasser2 in database, QueryFailedError: ER_NO_SUCH_TABLE: Table 'test.user' doesn't exist
2018-12-01 00:40:56 error: /user/new Error occured while creating Canvasser2, QueryFailedError: ER_NO_SUCH_TABLE: Table 'test.user' doesn't exist
2018-12-01 00:40:56 error: Could not find user in Canvasser3 in database, QueryFailedError: ER_NO_SUCH_TABLE: Table 'test.user' doesn't exist
2018-12-01 00:40:56 error: /user/new Error occured while creating Canvasser3, QueryFailedError: ER_NO_SUCH_TABLE: Table 'test.user' doesn't exist
2018-12-01 00:43:15 error: Could not find user in admin in database, QueryFailedError: ER_NO_SUCH_TABLE: Table 'test.user' doesn't exist
2018-12-01 00:43:16 error: /user/new Error occured while creating admin, QueryFailedError: ER_NO_SUCH_TABLE: Table 'test.user' doesn't exist
2018-12-01 00:43:16 error: Could not find user in CampaignManager1 in database, QueryFailedError: ER_NO_SUCH_TABLE: Table 'test.user' doesn't exist
2018-12-01 00:43:16 error: /user/new Error occured while creating CampaignManager1, QueryFailedError: ER_NO_SUCH_TABLE: Table 'test.user' doesn't exist
2018-12-01 00:43:16 error: Could not find user in CampaignManager2 in database, QueryFailedError: ER_NO_SUCH_TABLE: Table 'test.user' doesn't exist
2018-12-01 00:43:16 error: /user/new Error occured while creating CampaignManager2, QueryFailedError: ER_NO_SUCH_TABLE: Table 'test.user' doesn't exist
2018-12-01 00:43:16 error: Could not find user in Canvasser1 in database, QueryFailedError: ER_NO_SUCH_TABLE: Table 'test.user' doesn't exist
2018-12-01 00:43:16 error: /user/new Error occured while creating Canvasser1, QueryFailedError: ER_NO_SUCH_TABLE: Table 'test.user' doesn't exist
2018-12-01 00:43:17 error: Could not find user in Canvasser2 in database, QueryFailedError: ER_NO_SUCH_TABLE: Table 'test.user' doesn't exist
2018-12-01 00:43:17 error: /user/new Error occured while creating Canvasser2, QueryFailedError: ER_NO_SUCH_TABLE: Table 'test.user' doesn't exist
2018-12-01 00:43:17 error: Could not find user in Canvasser3 in database, QueryFailedError: ER_NO_SUCH_TABLE: Table 'test.user' doesn't exist
2018-12-01 00:43:17 error: /user/new Error occured while creating Canvasser3, QueryFailedError: ER_NO_SUCH_TABLE: Table 'test.user' doesn't exist
2018-12-01 00:43:49 info: /user/new - Created user: admin with id: 1. Has permission 3.
2018-12-01 00:43:50 info: /user/new - Created user: CampaignManager1 with id: 2. Has permission 1.
2018-12-01 00:43:50 info: /user/new - Created user: CampaignManager2 with id: 3. Has permission 1.
2018-12-01 00:43:50 info: /user/new - Created user: Canvasser1 with id: 4. Has permission 2.
2018-12-01 00:43:50 info: /user/new - Created user: Canvasser2 with id: 5. Has permission 2.
2018-12-01 00:43:51 info: /user/new - Created user: Canvasser3 with id: 6. Has permission 2.
2018-12-01 01:04:42 info: /user/new - Created user: admin with id: 1. Has permission 3.
2018-12-01 01:04:43 info: /user/new - Created user: CampaignManager1 with id: 2. Has permission 1.
2018-12-01 01:04:43 info: /user/new - Created user: CampaignManager2 with id: 3. Has permission 1.
2018-12-01 01:04:43 info: /user/new - Created user: Canvasser1 with id: 4. Has permission 2.
2018-12-01 01:04:43 info: /user/new - Created user: Canvasser2 with id: 5. Has permission 2.
2018-12-01 01:04:44 info: /user/new - Created user: Canvasser3 with id: 6. Has permission 2.
2018-12-01 01:25:22 info: /user/new - Created user: admin with id: 1. Has permission 3.
2018-12-01 01:25:23 info: /user/new - Created user: CampaignManager1 with id: 2. Has permission 1.
2018-12-01 01:25:23 info: /user/new - Created user: CampaignManager2 with id: 3. Has permission 1.
2018-12-01 01:25:23 info: /user/new - Created user: Canvasser1 with id: 4. Has permission 2.
2018-12-01 01:25:23 info: /user/new - Created user: Canvasser2 with id: 5. Has permission 2.
2018-12-01 01:25:24 info: /user/new - Created user: Canvasser3 with id: 6. Has permission 2.
2018-12-01 01:57:07 info: /user/new - Created user: admin with id: 1. Has permission 3.
2018-12-01 01:57:07 info: /user/new - Created user: CampaignManager1 with id: 2. Has permission 1.
2018-12-01 01:57:08 info: /user/new - Created user: CampaignManager2 with id: 3. Has permission 1.
2018-12-01 01:57:08 info: /user/new - Created user: Canvasser1 with id: 4. Has permission 2.
2018-12-01 01:57:08 info: /user/new - Created user: Canvasser2 with id: 5. Has permission 2.
2018-12-01 01:57:09 info: /user/new - Created user: Canvasser3 with id: 6. Has permission 2.
2018-12-01 02:51:59 info: /user/new - Created user: admin with id: 1. Has permission 3.
2018-12-01 02:51:59 info: /user/new - Created user: CampaignManager1 with id: 2. Has permission 1.
2018-12-01 02:51:59 info: /user/new - Created user: CampaignManager2 with id: 3. Has permission 1.
2018-12-01 02:52:00 info: /user/new - Created user: Canvasser1 with id: 4. Has permission 2.
2018-12-01 02:52:00 info: /user/new - Created user: Canvasser2 with id: 5. Has permission 2.
2018-12-01 02:52:00 info: /user/new - Created user: Canvasser3 with id: 6. Has permission 2.
2018-12-01 05:52:42 error: Could not find user in admin in database, QueryFailedError: ER_NO_SUCH_TABLE: Table 'test.user' doesn't exist
2018-12-01 05:52:42 error: /user/new Error occured while creating admin, QueryFailedError: ER_NO_SUCH_TABLE: Table 'test.user' doesn't exist
2018-12-01 05:52:42 error: Could not find user in CampaignManager1 in database, QueryFailedError: ER_NO_SUCH_TABLE: Table 'test.user' doesn't exist
2018-12-01 05:52:42 error: /user/new Error occured while creating CampaignManager1, QueryFailedError: ER_NO_SUCH_TABLE: Table 'test.user' doesn't exist
2018-12-01 05:52:42 error: Could not find user in CampaignManager2 in database, QueryFailedError: ER_NO_SUCH_TABLE: Table 'test.user' doesn't exist
2018-12-01 05:52:42 error: /user/new Error occured while creating CampaignManager2, QueryFailedError: ER_NO_SUCH_TABLE: Table 'test.user' doesn't exist
2018-12-01 05:52:42 error: Could not find user in Canvasser1 in database, QueryFailedError: ER_NO_SUCH_TABLE: Table 'test.user' doesn't exist
2018-12-01 05:52:43 error: /user/new Error occured while creating Canvasser1, QueryFailedError: ER_NO_SUCH_TABLE: Table 'test.user' doesn't exist
2018-12-01 05:52:43 error: Could not find user in Canvasser2 in database, QueryFailedError: ER_NO_SUCH_TABLE: Table 'test.user' doesn't exist
2018-12-01 05:52:43 error: /user/new Error occured while creating Canvasser2, QueryFailedError: ER_NO_SUCH_TABLE: Table 'test.user' doesn't exist
2018-12-01 05:52:43 error: Could not find user in Canvasser3 in database, QueryFailedError: ER_NO_SUCH_TABLE: Table 'test.user' doesn't exist
2018-12-01 05:52:43 error: /user/new Error occured while creating Canvasser3, QueryFailedError: ER_NO_SUCH_TABLE: Table 'test.user' doesn't exist
2018-12-01 05:54:10 info: /user/new - Created user: admin with id: 1. Has permission 3.
2018-12-01 05:54:11 info: /user/new - Created user: CampaignManager1 with id: 2. Has permission 1.
2018-12-01 05:54:11 info: /user/new - Created user: CampaignManager2 with id: 3. Has permission 1.
2018-12-01 05:54:11 info: /user/new - Created user: Canvasser1 with id: 4. Has permission 2.
2018-12-01 05:54:11 info: /user/new - Created user: Canvasser2 with id: 5. Has permission 2.
2018-12-01 05:54:12 info: /user/new - Created user: Canvasser3 with id: 6. Has permission 2.
2018-12-01 18:01:51 info: /user/new - Created user: c1 with id: 1. Has permission 2.
2018-12-01 18:01:59 info: /user/new - Created user: c2 with id: 2. Has permission 2.
2018-12-01 18:02:03 info: /user/new - Created user: c3 with id: 3. Has permission 2.
2018-12-01 18:02:09 info: /user/new - Created user: m1 with id: 4. Has permission 1.
2018-12-01 18:22:26 error: Could not find user in admin in database, QueryFailedError: ER_NO_SUCH_TABLE: Table 'test.user' doesn't exist
2018-12-01 18:22:26 error: /user/new Error occured while creating admin, QueryFailedError: ER_NO_SUCH_TABLE: Table 'test.user' doesn't exist
2018-12-01 18:23:18 info: /user/new - Created user: admin with id: 1. Has permission 3.
2018-12-01 18:23:25 info: /user/new - Created user: CampaignManager1 with id: 2. Has permission 1.
2018-12-01 18:23:31 info: /user/new - Created user: CampaignManager2 with id: 3. Has permission 1.
2018-12-01 18:23:36 info: /user/new - Created user: Canvasser1 with id: 4. Has permission 2.
2018-12-01 18:23:46 info: /user/new - Created user: Canvasser2 with id: 5. Has permission 2.
2018-12-01 18:23:50 info: /user/new - Created user: Canvasser3 with id: 6. Has permission 2.
2018-12-01 18:52:13 info: /user/new - Created user: admin with id: 1. Has permission 3.
2018-12-01 18:52:24 info: /user/new - Created user: CampaignManager1 with id: 2. Has permission 1.
2018-12-01 18:53:03 info: /user/new - Created user: CampaignManager2 with id: 3. Has permission 1.
2018-12-01 18:53:07 info: /user/new - Created user: Canvasser1 with id: 4. Has permission 2.
2018-12-01 18:53:10 info: /user/new - Created user: Canvasser2 with id: 5. Has permission 2.
2018-12-01 18:53:13 info: /user/new - Created user: Canvasser3 with id: 6. Has permission 2.
2018-12-01 20:55:34 info: /user/new - Created user: admin with id: 1. Has permission 3.
2018-12-01 20:55:38 info: /user/new - Created user: CampaignManager1 with id: 2. Has permission 1.
2018-12-01 20:55:42 info: /user/new - Created user: CampaignManager2 with id: 3. Has permission 1.
2018-12-01 20:55:45 info: /user/new - Created user: Canvasser1 with id: 4. Has permission 2.
2018-12-01 20:55:49 info: /user/new - Created user: Canvasser2 with id: 5. Has permission 2.
2018-12-01 20:55:52 info: /user/new - Created user: Canvasser3 with id: 6. Has permission 2.
2018-12-03 19:31:20 error: Could not find user in c1 in database, QueryFailedError: ER_NO_SUCH_TABLE: Table 'test.user' doesn't exist
2018-12-03 19:31:20 error: /user/new Error occured while creating c1, QueryFailedError: ER_NO_SUCH_TABLE: Table 'test.user' doesn't exist
2018-12-03 19:32:25 info: /user/new - Created user: c1 with id: 1. Has permission 2.
2018-12-03 19:32:38 info: /user/new - Created user: c2 with id: 2. Has permission 2.
2018-12-03 19:32:42 info: /user/new - Created user: c3 with id: 3. Has permission 2.
2018-12-03 19:32:45 info: /user/new - Created user: m1 with id: 4. Has permission 1.
2018-12-03 19:32:51 info: /user/new - Created user: admin with id: 5. Has permission 3.
2018-12-04 17:01:37 info: /user/new - Created user: c1 with id: 1. Has permission 2.
2018-12-04 17:01:42 info: /user/new - Created user: c2 with id: 2. Has permission 2.
2018-12-04 17:01:47 info: /user/new - Created user: c3 with id: 3. Has permission 2.
2018-12-04 17:01:52 info: /user/new - Created user: m1 with id: 4. Has permission 1.
2018-12-05 02:23:36 error: Could not find user in c1 in database, QueryFailedError: ER_NO_SUCH_TABLE: Table 'test.user' doesn't exist
2018-12-05 02:23:36 error: /user/new Error occured while creating c1, QueryFailedError: ER_NO_SUCH_TABLE: Table 'test.user' doesn't exist
2018-12-05 02:23:42 error: Could not find user in c2 in database, QueryFailedError: ER_NO_SUCH_TABLE: Table 'test.user' doesn't exist
2018-12-05 02:23:42 error: /user/new Error occured while creating c2, QueryFailedError: ER_NO_SUCH_TABLE: Table 'test.user' doesn't exist
2018-12-05 02:23:47 error: Could not find user in c3 in database, QueryFailedError: ER_NO_SUCH_TABLE: Table 'test.user' doesn't exist
2018-12-05 02:23:47 error: /user/new Error occured while creating c3, QueryFailedError: ER_NO_SUCH_TABLE: Table 'test.user' doesn't exist
2018-12-05 02:23:51 error: Could not find user in m1 in database, QueryFailedError: ER_NO_SUCH_TABLE: Table 'test.user' doesn't exist
2018-12-05 02:23:51 error: /user/new Error occured while creating m1, QueryFailedError: ER_NO_SUCH_TABLE: Table 'test.user' doesn't exist
2018-12-05 02:25:02 info: /user/new - Created user: c1 with id: 1. Has permission 2.
2018-12-05 02:25:06 info: /user/new - Created user: c2 with id: 2. Has permission 2.
2018-12-05 02:25:09 info: /user/new - Created user: c3 with id: 3. Has permission 2.
2018-12-05 02:25:13 info: /user/new - Created user: m1 with id: 4. Has permission 1.
2018-12-05 02:55:05 info: /user/new - Created user: admin with id: 5. Has permission 3.
2018-12-10 19:59:25 info: /user/new - Created user: c1 with id: 1. Has permission 2.
2018-12-10 19:59:29 info: /user/new - Created user: c2 with id: 2. Has permission 2.
2018-12-10 19:59:32 info: /user/new - Created user: c3 with id: 3. Has permission 2.
2018-12-10 19:59:36 info: /user/new - Created user: m1 with id: 4. Has permission 1.
2019-03-18 15:38:18 info: /user/new - Created user: admin with id: 1. Has permission 3.
2019-03-18 15:38:29 info: /user/new - Created user: cm1 with id: 2. Has permission 1.
2019-03-18 15:38:37 info: /user/new - Created user: cm2 with id: 3. Has permission 1.
2019-03-18 15:38:46 info: /user/new - Created user: cm3 with id: 4. Has permission 1.
2019-03-18 15:39:00 info: /user/new - Created user: cnv1 with id: 5. Has permission 2.
2019-03-18 15:39:11 info: /user/new - Created user: cnv2 with id: 6. Has permission 2.
2019-03-18 15:39:20 info: /user/new - Created user: cnv3 with id: 7. Has permission 2.
2020-09-03 10:37:12 info: /user/new - Created user: admin with id: 1. Has permission 3.
2020-09-03 10:37:30 info: /user/new - Created user: manager with id: 2. Has permission 1.
2020-09-03 10:37:46 info: /user/new - Created user: canvasser with id: 3. Has permission 2.
2020-09-03 10:38:33 info: /user/new - Created user: alex with id: 4. Has permission 2.
2020-09-03 10:38:49 info: /user/new - Created user: test with id: 5. Has permission 2.
2020-09-03 12:00:01 info: /user/new - Created user: admin with id: 1. Has permission 3.
2020-09-03 12:00:14 info: /user/new - Created user: manager with id: 2. Has permission 1.
2020-09-03 12:00:30 info: /user/new - Created user: canvasser with id: 3. Has permission 2.
2020-09-03 12:58:05 info: /user/new - Created user: admin with id: 1. Has permission 3.
2020-09-03 12:58:19 info: /user/new - Created user: manager with id: 2. Has permission 1.
2020-09-03 12:58:33 info: /user/new - Created user: canvasser with id: 3. Has permission 2.
2020-09-03 16:00:37 info: /user/new - Created user: admin with id: 1. Has permission 3.
2020-09-03 16:00:47 info: /user/new - Created user: manager with id: 2. Has permission 1.
2020-09-03 16:00:56 info: /user/new - Created user: canvasser with id: 3. Has permission 2.
