2018-10-27 02:20:36 info: LOGIN: Logged in user
2018-10-27 03:39:44 info: LOGIN: Logged in user
2018-10-29 09:38:02 info: LOGIN: Logged in user
2018-10-30 02:45:22 info: LOGIN: Logged in user
2018-10-31 13:31:05 info: /login -[object Object]
2018-10-31 13:31:43 info: /login -[object Object]
2018-10-31 13:48:07 info: /login -[object Object]
2018-10-31 14:55:22 info: /login -[object Object]
2018-10-31 22:48:14 info: /login -[object Object]
2018-11-01 15:12:05 info: /login -[object Object]
2018-11-01 18:29:21 info: /login -[object Object]
2018-11-02 17:55:23 info: /login -[object Object]
2018-11-02 20:14:49 info: /login -[object Object]
2018-11-02 20:30:32 info: /login -[object Object]
2018-11-02 20:59:11 info: /login -[object Object]
2018-11-03 04:17:17 info: /login -[object Object]
2018-11-04 02:07:19 info: /login -[object Object]
2018-11-04 17:07:23 info: /login -[object Object]
2018-11-04 17:23:22 info: /login -[object Object]
2018-11-04 17:25:46 info: /login -[object Object]
2018-11-05 00:27:45 info: /login -[object Object]
2018-11-05 02:45:32 info: /login -[object Object]
2018-11-05 05:19:23 info: /login -[object Object]
2018-11-05 05:19:46 info: /login -[object Object]
2018-11-05 05:35:38 info: /logout - [object Object]
2018-11-05 05:35:58 info: /login -[object Object]
2018-11-05 05:37:56 info: /logout - [object Object]
2018-11-05 05:38:11 info: /login -[object Object]
2018-11-05 05:38:31 info: /login -[object Object]
2018-11-05 05:48:19 info: /login -[object Object]
2018-11-05 05:50:12 info: /login -[object Object]
2018-11-05 05:50:38 info: /login -[object Object]
2018-11-05 05:50:52 info: /login -[object Object]
2018-11-05 05:51:03 info: /login -[object Object]
2018-11-05 05:55:41 info: /login -[object Object]
2018-11-05 15:10:14 info: /login -CampaignManager1
2018-11-05 16:16:29 info: /login -CampaignManager1
2018-11-05 16:16:45 info: /login -CampaignManager1
2018-11-05 17:16:27 info: /login -CampaignManager1
2018-11-05 18:04:04 info: /login -CampaignManager1
2018-11-05 18:04:28 info: /login -CampaignManager1
2018-11-05 18:37:39 info: /login -Canvasser1
2018-11-05 18:38:30 info: /login -Canvasser1
2018-11-06 13:54:51 info: /login -Canvasser1
2018-11-13 12:13:25 info: /login -c1
2018-11-13 12:13:57 info: /login -c2
2018-11-13 12:14:24 info: /login -c3
2018-11-13 12:14:57 info: /login -m1
2018-11-13 12:27:13 info: /login -m1
2018-11-13 12:27:32 info: /login -m1
2018-11-13 12:27:48 info: /login -m1
2018-11-13 12:35:23 info: /login -m1
2018-11-13 12:35:45 info: /login -m1
2018-11-13 21:31:35 info: /login -c1
2018-11-13 21:32:01 info: /login -c2
2018-11-13 21:32:25 info: /login -c3
2018-11-13 21:32:51 info: /login -m1
2018-11-13 22:12:03 info: /login -c1
2018-11-15 08:40:39 info: /login -m1
2018-11-18 22:38:17 info: /login -m1
2018-11-18 22:40:04 info: /login -m1
2018-11-19 00:10:44 info: /login -c1
2018-11-19 00:11:04 info: /login -c2
2018-11-19 00:11:22 info: /login -c3
2018-11-19 00:11:45 info: /login -c2
2018-11-19 00:12:18 info: /login -m1
2018-11-19 05:48:21 info: /login -Canvasser1
2018-11-19 05:50:09 info: /login -CampaignManager1
2018-11-19 18:13:43 info: /login -c1
2018-11-19 18:14:17 info: /login -m1
2018-11-19 19:06:54 info: /login -m1
2018-11-19 19:07:25 info: /login -c1
2018-11-19 19:07:53 info: /login -c2
2018-11-19 19:09:03 info: /login -m1
2018-11-19 19:09:14 info: /login -m1
2018-11-19 19:09:26 info: /login -m1
2018-11-19 19:10:06 info: /login -m1
2018-11-19 19:10:18 info: /login -m1
2018-11-19 19:10:47 info: /login -m1
2018-11-19 19:14:32 info: /login -m1
2018-11-19 20:02:19 info: /login -c1
2018-11-19 20:04:39 info: /login -m1
2018-11-19 20:05:45 info: /login -c1
2018-11-19 20:06:14 info: /login -c2
2018-11-19 20:06:32 info: /login -c3
2018-11-19 21:54:30 info: /login -m1
2018-11-19 21:54:49 info: /login -c3
2018-11-19 21:55:26 info: /login -c2
2018-11-19 21:55:45 info: /login -c1
2018-11-19 21:56:13 info: /login -m1
2018-11-20 20:03:59 info: /login -c1
2018-11-23 22:44:16 info: /login -c1
2018-11-23 23:38:34 info: /login -c1
2018-11-23 23:39:26 info: /login -c1
2018-11-23 23:39:40 info: /login -c1
2018-11-23 23:40:18 info: /login -c1
2018-11-23 23:41:03 info: /login -c1
2018-11-24 18:34:02 info: /login -m1
2018-11-25 18:22:49 info: /login -m1
2018-11-25 18:24:21 info: /login -m1
2018-11-25 18:24:23 info: /login -m1
2018-11-25 18:24:53 info: /logout - m1
2018-11-25 20:06:28 info: /login -c1
2018-11-25 20:27:55 info: /login -m1
2018-11-25 20:30:43 info: /login -c1
2018-11-25 20:31:06 info: /login -c2
2018-11-25 20:31:30 info: /login -c3
2018-11-25 20:32:01 info: /login -m1
2018-11-25 21:28:03 info: /login -c1
2018-11-25 21:56:35 info: /login -m1
2018-11-25 22:21:50 info: /logout - m1
2018-11-25 22:21:56 info: /login -c1
2018-11-25 23:23:05 info: /login -m1
2018-11-25 23:23:44 info: /login -c1
2018-11-25 23:25:52 info: /login -m1
2018-11-25 23:32:02 info: /login -c1
2018-11-25 23:32:33 info: /login -c2
2018-11-25 23:33:06 info: /login -c3
2018-11-25 23:42:27 info: /logout - c3
2018-11-25 23:42:32 info: /login -m1
2018-11-25 23:48:42 info: /logout - m1
2018-11-25 23:48:47 info: /login -c1
2018-11-26 00:01:03 info: /logout - c1
2018-11-26 00:01:07 info: /login -c3
2018-11-26 00:28:30 info: /login -m1
2018-11-26 00:28:50 info: /login -c1
2018-11-26 00:29:40 info: /login -c2
2018-11-26 00:30:10 info: /login -c3
2018-11-26 00:30:44 info: /logout - c3
2018-11-26 00:30:48 info: /login -m1
2018-11-26 00:48:39 info: /logout - m1
2018-11-26 00:48:44 info: /login -c1
2018-11-26 00:49:01 info: /login -m1
2018-11-26 00:49:27 info: /logout - m1
2018-11-26 00:49:31 info: /login -c1
2018-11-26 02:39:46 info: /login -m1
2018-11-26 03:26:13 info: /logout - m1
2018-11-26 03:26:18 info: /login -c1
2018-11-26 03:58:48 info: /login -m1
2018-11-26 04:04:54 info: /logout - m1
2018-11-26 04:04:59 info: /login -m1
2018-11-26 16:16:30 info: /login -m1
2018-11-26 16:16:44 info: /login -c1
2018-11-26 16:45:20 info: /login -c1
2018-11-26 16:45:38 info: /login -c1
2018-11-26 16:52:04 info: /login -c1
2018-11-26 17:11:01 info: /login -m1
2018-11-26 22:20:18 info: /login -c1
2018-11-27 12:31:19 info: /login -admin
2018-11-27 12:34:47 info: /login -admin
2018-11-27 12:43:35 info: /login -admin
2018-11-27 13:06:05 info: /login -c1
2018-11-27 16:21:06 info: /login -c1
2018-11-27 17:55:06 info: /login -c1
2018-11-27 18:58:59 info: /login -m1
2018-11-27 18:59:38 info: /login -m1
2018-11-27 18:59:47 info: /login -m1
2018-11-27 19:19:25 info: /login -c1
2018-11-27 19:58:16 info: /login -c2
2018-11-27 19:58:54 info: /login -c3
2018-11-27 19:59:57 info: /login -m1
2018-11-27 20:02:17 info: /login -c1
2018-11-27 20:09:21 info: /login -m1
2018-11-27 20:09:44 info: /login -c3
2018-11-27 20:10:36 info: /login -c2
2018-11-27 20:11:06 info: /login -c1
2018-11-27 20:11:39 info: /login -m1
2018-11-27 20:16:41 info: /login -c1
2018-11-27 20:17:15 info: /login -c2
2018-11-27 20:17:31 info: /login -c3
2018-11-27 20:17:51 info: /login -m1
2018-11-27 20:18:15 info: /login -c1
2018-11-27 20:36:08 info: /login -c2
2018-11-27 20:58:46 info: /login -c1
2018-11-27 21:19:54 info: /login -m1
2018-11-27 21:20:18 info: /login -c3
2018-11-27 21:20:56 info: /login -c2
2018-11-27 21:21:13 info: /login -c1
2018-11-27 21:22:05 info: /login -c1
2018-11-27 21:24:33 info: /login -c2
2018-11-27 21:41:45 info: /login -m1
2018-11-27 21:42:08 info: /login -c1
2018-11-27 21:42:22 info: /login -c2
2018-11-27 21:42:43 info: /login -c3
2018-11-27 21:43:15 info: /login -m1
2018-11-27 21:44:39 info: /login -c1
2018-11-27 22:33:35 info: /login -c2
2018-11-27 23:16:50 info: /login -m1
2018-11-27 23:17:35 info: /login -c2
2018-11-27 23:29:07 info: /login -c3
2018-11-27 23:46:30 info: /login -m1
2018-11-27 23:46:46 info: /login -c3
2018-11-27 23:47:23 info: /login -c2
2018-11-27 23:47:38 info: /login -c1
2018-11-27 23:47:58 info: /login -m1
2018-11-27 23:48:15 info: /login -m1
2018-11-27 23:49:08 info: /login -c1
2018-11-28 03:46:45 info: /login -m1
2018-11-28 03:47:12 info: /login -c1
2018-11-28 03:47:50 info: /login -c2
2018-11-28 03:48:08 info: /login -c3
2018-11-28 03:53:08 info: /login -m1
2018-11-28 03:53:43 info: /login -c1
2018-11-28 04:11:18 info: /login -c2
2018-11-28 04:11:36 info: /login -c3
2018-11-28 04:11:54 info: /login -c1
2018-11-28 15:11:55 info: /login -c1
2018-11-28 15:15:11 info: /login -m1
2018-11-28 15:16:14 info: /login -c3
2018-11-28 15:16:39 info: /login -c2
2018-11-28 15:16:59 info: /login -c1
2018-11-28 15:17:43 info: /login -m1
2018-11-28 15:18:15 info: /login -c1
2018-11-28 15:19:08 info: /login -c2
2018-11-28 15:33:29 error: An error occured while searching for m1, QueryFailedError: ER_NO_SUCH_TABLE: Table 'test.user' doesn't exist
2018-11-28 15:34:33 warn: m1 was not found.
2018-11-28 15:35:03 info: /login -m1
2018-11-28 15:35:23 info: /login -c1
2018-11-28 15:35:43 info: /login -c2
2018-11-28 15:36:06 info: /login -c3
2018-11-28 15:36:39 info: /login -m1
2018-11-28 15:39:22 info: /login -c1
2018-11-28 16:49:59 info: /login -m1
2018-11-28 16:50:12 info: /login -c3
2018-11-28 16:50:30 info: /login -c2
2018-11-28 16:50:43 info: /login -c1
2018-11-28 16:51:03 info: /login -m1
2018-11-28 16:52:05 info: /login -c1
2018-11-28 18:50:18 warn: c1 was not found.
2018-11-28 18:51:44 warn: c1 was not found.
2018-11-28 18:56:00 warn: c1 was not found.
2018-11-28 18:59:13 warn: c1 was not found.
2018-11-28 19:00:12 warn: c2 was not found.
2018-11-28 19:00:16 warn: c1 was not found.
2018-11-28 19:02:13 warn: c1 was not found.
2018-11-28 19:02:50 info: /login -test
2018-11-28 19:03:01 warn: c1 was not found.
2018-11-28 19:06:02 info: /login -CampaignManager1
2018-11-28 19:06:54 info: /login -Canvasser1
2018-11-28 19:33:57 warn: Canvasser2 was not found.
2018-11-28 19:34:42 warn: Login error incorrect password for Canvasser23.
2018-11-28 19:34:57 warn: Login error incorrect password for Canvasser23.
2018-11-28 19:35:08 info: /login -Canvasser3
2018-11-28 19:39:05 info: /login -CampaignManager1
2018-11-28 19:41:33 info: /login -Canvasser1
2018-11-28 19:41:52 info: /login -Canvasser1
2018-11-28 19:43:37 info: /login -Canvasser1
2018-11-28 19:44:55 info: /login -Canvasser1
2018-11-28 19:45:05 info: /login -Canvasser1
2018-11-28 19:45:59 info: /login -Canvasser1
2018-11-28 19:49:43 info: /login -Canvasser1
2018-11-28 19:57:46 info: /login -Canvasser1
2018-11-28 19:58:11 info: /login -Canvasser2
2018-11-28 19:58:36 info: /login -Canvasser3
2018-11-28 19:59:14 info: /login -CampaignManager1
2018-11-28 19:59:45 info: /login -Canvasser1
2018-11-28 21:13:56 info: /login -Canvasser2
2018-11-28 21:14:16 info: /login -Canvasser3
2018-11-28 21:20:32 info: /login -m1
2018-11-28 21:21:43 info: /logout - m1
2018-11-28 21:21:48 info: /login -c1
2018-11-28 21:22:15 info: /login -c2
2018-11-28 21:22:33 info: /login -c3
2018-11-28 23:27:02 info: /login -m1
2018-11-28 23:51:37 info: /login -c1
2018-11-28 23:51:58 info: /login -c2
2018-11-28 23:52:14 info: /login -c3
2018-11-28 23:52:52 info: /login -m1
2018-11-28 23:53:17 info: /login -c1
2018-11-29 00:49:49 info: /login -m1
2018-11-29 00:50:48 info: /login -c1
2018-11-29 00:51:01 info: /login -c2
2018-11-29 00:51:14 info: /login -c3
2018-11-29 00:51:52 info: /login -m1
2018-11-29 00:52:23 info: /login -c1
2018-11-29 01:20:56 warn: m1 was not found.
2018-11-29 01:21:04 warn: m1 was not found.
2018-11-29 01:21:17 info: /login -m1
2018-11-29 01:21:30 info: /login -c1
2018-11-29 01:21:44 info: /login -c2
2018-11-29 01:22:01 info: /login -c3
2018-11-29 01:22:18 info: /login -m1
2018-11-29 01:28:13 info: /logout - m1
2018-11-29 01:28:18 info: /login -c1
2018-11-29 02:23:29 info: /login -m1
2018-11-29 02:23:48 info: /login -c1
2018-11-29 02:24:03 info: /login -c2
2018-11-29 02:24:16 info: /login -c3
2018-11-29 02:24:26 info: /login -m1
2018-11-29 02:24:44 info: /login -c1
2018-11-29 03:18:47 info: /logout - c1
2018-11-29 03:27:53 warn: c1 was not found.
2018-11-29 04:28:35 info: /login -m1
2018-11-29 04:29:49 info: /login -c1
2018-11-29 04:30:08 info: /login -c2
2018-11-29 04:30:25 info: /login -c3
2018-11-29 04:30:44 info: /login -m1
2018-11-29 04:31:00 info: /login -m1
2018-11-29 04:32:33 info: /login -c1
2018-11-29 04:32:49 info: /login -c2
2018-11-29 04:33:02 info: /login -c3
2018-11-29 04:33:19 info: /login -m1
2018-11-29 04:34:10 info: /login -c1
2018-11-29 04:57:51 info: /login -m1
2018-11-29 04:58:07 info: /login -c1
2018-11-29 04:58:32 info: /login -c2
2018-11-29 04:58:47 info: /login -c3
2018-11-29 04:59:04 info: /login -m1
2018-11-29 04:59:26 info: /login -c1
2018-11-29 16:22:42 info: /login -c3
2018-11-29 17:30:36 info: /logout - c3
2018-11-29 17:30:39 info: /login -m1
2018-11-29 18:00:28 info: /login -m1
2018-11-29 18:50:06 info: /login -CampaignManager1
2018-11-29 18:50:14 info: /logout - CampaignManager1
2018-11-29 18:50:14 info: /login -Canvasser1
2018-11-29 18:50:15 info: /logout - Canvasser1
2018-11-29 18:50:15 info: /login -CampaignManager1
2018-11-29 18:50:16 info: /login -CampaignManager1
2018-11-29 20:19:15 info: /login -m1
2018-11-29 21:38:56 info: /login -m1
2018-11-29 21:46:22 info: /login -CampaignManager1
2018-11-29 21:46:31 info: /logout - CampaignManager1
2018-11-29 21:46:31 info: /login -Canvasser1
2018-11-29 21:46:32 info: /logout - Canvasser1
2018-11-29 21:46:32 info: /login -CampaignManager1
2018-11-29 21:46:32 info: /login -CampaignManager1
2018-11-29 22:11:34 info: /logout - m1
2018-11-29 22:11:50 info: /login -CampaignManager1
2018-11-29 22:12:58 info: /login -Canvasser1
2018-11-29 22:13:42 info: /logout - Canvasser1
2018-11-29 22:13:49 info: /login -CampaignManager1
2018-11-29 22:39:52 info: /login -CampaignManager1
2018-11-29 22:41:31 info: /login -CampaignManager1
2018-11-29 22:41:33 info: /logout - CampaignManager1
2018-11-29 22:41:34 info: /login -Canvasser1
2018-11-29 22:41:34 info: /logout - Canvasser1
2018-11-29 22:41:34 info: /login -CampaignManager1
2018-11-29 22:43:42 info: /login -Canvasser1
2018-11-29 22:44:44 info: /logout - Canvasser1
2018-11-29 22:44:56 info: /login -CampaignManager1
2018-11-29 23:05:52 error: An error occured while searching for CampaignManager1, QueryFailedError: ER_NO_SUCH_TABLE: Table 'test.user' doesn't exist
2018-11-29 23:07:05 info: /login -CampaignManager1
2018-11-29 23:07:11 info: /logout - CampaignManager1
2018-11-29 23:07:12 info: /login -Canvasser1
2018-11-29 23:07:12 info: /logout - Canvasser1
2018-11-29 23:07:13 info: /login -CampaignManager1
2018-11-29 23:14:37 info: /login -CampaignManager1
2018-11-29 23:14:43 info: /logout - CampaignManager1
2018-11-29 23:14:43 info: /login -Canvasser1
2018-11-29 23:14:44 info: /logout - Canvasser1
2018-11-29 23:14:44 info: /login -CampaignManager1
2018-11-29 23:24:51 info: /login -CampaignManager1
2018-11-29 23:24:58 info: /logout - CampaignManager1
2018-11-29 23:24:58 info: /login -Canvasser1
2018-11-29 23:24:58 info: /logout - Canvasser1
2018-11-29 23:24:59 info: /login -CampaignManager1
2018-11-29 23:40:28 info: /login -CampaignManager1
2018-11-29 23:40:34 info: /logout - CampaignManager1
2018-11-29 23:40:35 info: /login -Canvasser1
2018-11-29 23:40:35 info: /logout - Canvasser1
2018-11-29 23:40:35 info: /login -CampaignManager1
2018-11-29 23:43:16 info: /login -CampaignManager1
2018-11-29 23:43:18 info: /logout - CampaignManager1
2018-11-29 23:43:19 info: /login -Canvasser1
2018-11-29 23:43:19 info: /logout - Canvasser1
2018-11-29 23:43:20 info: /login -CampaignManager1
2018-11-30 00:19:30 info: /login -CampaignManager1
2018-11-30 00:19:32 info: /logout - CampaignManager1
2018-11-30 00:19:33 info: /login -Canvasser1
2018-11-30 00:19:33 info: /logout - Canvasser1
2018-11-30 00:19:34 info: /login -CampaignManager1
2018-11-30 00:29:11 info: /login -CampaignManager1
2018-11-30 00:29:13 info: /logout - CampaignManager1
2018-11-30 00:29:13 info: /login -Canvasser1
2018-11-30 00:29:14 info: /logout - Canvasser1
2018-11-30 00:29:14 info: /login -CampaignManager1
2018-11-30 02:10:18 info: /login -CampaignManager1
2018-11-30 02:10:25 info: /logout - CampaignManager1
2018-11-30 02:10:25 info: /login -Canvasser1
2018-11-30 02:10:25 info: /logout - Canvasser1
2018-11-30 02:10:26 info: /login -CampaignManager1
2018-11-30 03:37:36 info: /login -m1
2018-11-30 03:39:54 info: /logout - m1
2018-11-30 03:39:56 info: /login -c1
2018-11-30 03:40:05 info: /logout - c1
2018-11-30 03:40:07 info: /login -c2
2018-11-30 03:40:16 info: /logout - c2
2018-11-30 03:40:21 info: /login -c3
2018-11-30 03:40:31 info: /logout - c3
2018-11-30 03:40:34 info: /login -m1
2018-11-30 03:46:31 info: /logout - m1
2018-11-30 03:46:35 info: /login -m1
2018-11-30 03:46:44 info: /logout - m1
2018-11-30 03:46:46 info: /login -c1
2018-11-30 03:46:54 info: /logout - c1
2018-11-30 03:46:56 info: /login -c2
2018-11-30 03:47:04 info: /logout - c2
2018-11-30 03:47:07 info: /login -c3
2018-11-30 03:47:14 info: /logout - c3
2018-11-30 03:47:16 info: /login -m1
2018-11-30 04:41:17 info: /login -CampaignManager1
2018-11-30 04:41:22 info: /logout - CampaignManager1
2018-11-30 04:41:23 info: /login -Canvasser1
2018-11-30 04:41:23 info: /logout - Canvasser1
2018-11-30 04:41:24 info: /login -CampaignManager1
2018-11-30 04:41:59 info: /logout - m1
2018-11-30 04:42:09 info: /login -CampaignManager1
2018-11-30 06:24:50 info: /logout - CampaignManager1
2018-11-30 06:25:00 warn: CampaignManager1 was not found.
2018-11-30 06:25:12 info: /login -CampaignManager1
2018-11-30 06:25:18 info: /logout - CampaignManager1
2018-11-30 06:25:18 info: /login -Canvasser1
2018-11-30 06:25:18 info: /logout - Canvasser1
2018-11-30 06:25:19 info: /login -CampaignManager1
2018-11-30 06:25:30 info: /login -CampaignManager1
2018-11-30 06:34:26 info: /logout - CampaignManager1
2018-11-30 06:34:34 info: /login -Canvasser1
2018-11-30 06:36:40 info: /login -CampaignManager1
2018-11-30 06:36:45 info: /logout - CampaignManager1
2018-11-30 06:36:46 info: /login -Canvasser1
2018-11-30 06:36:46 info: /logout - Canvasser1
2018-11-30 06:36:46 info: /login -CampaignManager1
2018-11-30 06:37:00 info: /logout - Canvasser1
2018-11-30 06:37:09 info: /login -CampaignManager1
2018-11-30 18:56:53 info: /login -CampaignManager1
2018-11-30 18:56:59 info: /logout - CampaignManager1
2018-11-30 18:56:59 info: /login -Canvasser1
2018-11-30 18:57:00 info: /logout - Canvasser1
2018-11-30 18:57:00 info: /login -CampaignManager1
2018-11-30 18:57:13 info: /logout - CampaignManager1
2018-11-30 18:57:24 info: /login -CampaignManager1
2018-11-30 18:58:51 info: /login -Canvasser1
2018-11-30 19:01:11 info: /login -CampaignManager1
2018-11-30 19:01:18 info: /logout - CampaignManager1
2018-11-30 19:01:18 info: /login -Canvasser1
2018-11-30 19:01:19 info: /logout - Canvasser1
2018-11-30 19:01:19 info: /login -CampaignManager1
2018-11-30 19:16:20 info: /login -CampaignManager1
2018-11-30 19:16:26 info: /logout - CampaignManager1
2018-11-30 19:16:27 info: /login -Canvasser1
2018-11-30 19:16:27 info: /logout - Canvasser1
2018-11-30 19:16:28 info: /login -CampaignManager1
2018-11-30 19:17:53 info: /logout - Canvasser1
2018-11-30 19:18:00 info: /login -Canvasser1
2018-11-30 23:46:49 info: /login -CampaignManager1
2018-11-30 23:47:01 info: /logout - CampaignManager1
2018-11-30 23:47:01 info: /login -Canvasser1
2018-11-30 23:47:03 info: /logout - Canvasser1
2018-11-30 23:47:04 info: /login -CampaignManager1
2018-11-30 23:47:48 info: /login -CampaignManager1
2018-11-30 23:49:22 info: /login -CampaignManager1
2018-11-30 23:49:24 info: /logout - CampaignManager1
2018-11-30 23:49:25 info: /login -Canvasser1
2018-11-30 23:52:15 info: /login -CampaignManager1
2018-11-30 23:52:21 info: /logout - CampaignManager1
2018-11-30 23:52:22 info: /login -Canvasser1
2018-11-30 23:52:22 info: /logout - Canvasser1
2018-11-30 23:52:23 info: /login -CampaignManager1
2018-11-30 23:52:44 info: /logout - CampaignManager1
2018-11-30 23:52:54 info: /login -CampaignManager1
2018-11-30 23:55:00 info: /logout - CampaignManager1
2018-11-30 23:55:10 info: /login -CampaignManager1
2018-11-30 23:56:28 info: /logout - CampaignManager1
2018-11-30 23:57:24 info: /login -CampaignManager1
2018-11-30 23:57:30 info: /logout - CampaignManager1
2018-11-30 23:57:30 info: /login -Canvasser1
2018-11-30 23:57:31 info: /logout - Canvasser1
2018-11-30 23:57:31 info: /login -CampaignManager1
2018-11-30 23:58:05 warn: Login error incorrect password for CampaignManager1.
2018-11-30 23:58:18 info: /login -CampaignManager1
2018-12-01 00:14:40 info: /login -CampaignManager1
2018-12-01 00:17:47 info: /login -CampaignManager1
2018-12-01 00:40:56 error: An error occured while searching for CampaignManager1, QueryFailedError: ER_NO_SUCH_TABLE: Table 'test.user' doesn't exist
2018-12-01 00:43:17 error: An error occured while searching for CampaignManager1, QueryFailedError: ER_NO_SUCH_TABLE: Table 'test.user' doesn't exist
2018-12-01 00:43:51 info: /login -CampaignManager1
2018-12-01 00:43:58 info: /login -CampaignManager1
2018-12-01 00:43:59 info: /logout - CampaignManager1
2018-12-01 00:43:59 info: /login -Canvasser1
2018-12-01 00:44:00 info: /login -Canvasser1
2018-12-01 00:44:00 info: /logout - Canvasser1
2018-12-01 00:44:01 info: /login -CampaignManager1
2018-12-01 00:45:52 info: /login -CampaignManager1
2018-12-01 01:04:44 info: /login -CampaignManager1
2018-12-01 01:04:50 info: /login -CampaignManager1
2018-12-01 01:04:50 info: /logout - CampaignManager1
2018-12-01 01:04:51 info: /login -Canvasser1
2018-12-01 01:04:51 info: /login -Canvasser1
2018-12-01 01:04:52 info: /logout - Canvasser1
2018-12-01 01:04:52 info: /login -CampaignManager1
2018-12-01 01:06:06 info: /login -CampaignManager1
2018-12-01 01:25:24 info: /login -CampaignManager1
2018-12-01 01:25:31 info: /login -CampaignManager1
2018-12-01 01:25:31 info: /logout - CampaignManager1
2018-12-01 01:25:32 info: /login -Canvasser1
2018-12-01 01:25:32 info: /login -Canvasser1
2018-12-01 01:25:33 info: /logout - Canvasser1
2018-12-01 01:25:33 info: /login -CampaignManager1
2018-12-01 01:28:16 info: /login -CampaignManager1
2018-12-01 01:29:12 info: /login -CampaignManager1
2018-12-01 01:29:14 info: /login -CampaignManager1
2018-12-01 01:29:14 info: /logout - CampaignManager1
2018-12-01 01:29:14 info: /login -Canvasser1
2018-12-01 01:29:15 info: /login -Canvasser1
2018-12-01 01:29:15 info: /logout - Canvasser1
2018-12-01 01:29:16 info: /login -CampaignManager1
2018-12-01 01:50:16 info: /login -CampaignManager1
2018-12-01 01:57:09 info: /login -CampaignManager1
2018-12-01 01:57:16 info: /login -CampaignManager1
2018-12-01 01:57:16 info: /logout - CampaignManager1
2018-12-01 01:57:17 info: /login -Canvasser1
2018-12-01 01:57:17 info: /login -Canvasser1
2018-12-01 01:57:18 info: /logout - Canvasser1
2018-12-01 01:57:18 info: /login -CampaignManager1
2018-12-01 01:58:16 info: /login -CampaignManager1
2018-12-01 02:03:07 info: /login -CampaignManager1
2018-12-01 02:07:16 info: /login -CampaignManager1
2018-12-01 02:52:01 info: /login -CampaignManager1
2018-12-01 02:52:10 info: /login -CampaignManager1
2018-12-01 02:52:10 info: /logout - CampaignManager1
2018-12-01 02:52:11 info: /login -Canvasser1
2018-12-01 02:52:11 info: /login -Canvasser1
2018-12-01 02:52:12 info: /logout - Canvasser1
2018-12-01 02:52:12 info: /login -CampaignManager1
2018-12-01 02:52:29 info: /login -CampaignManager1
2018-12-01 05:51:20 info: /login -CampaignManager1
2018-12-01 05:51:32 info: /login -CampaignManager1
2018-12-01 05:51:33 info: /logout - CampaignManager1
2018-12-01 05:51:33 info: /login -Canvasser1
2018-12-01 05:51:35 info: /login -Canvasser1
2018-12-01 05:51:35 info: /logout - Canvasser1
2018-12-01 05:51:36 info: /login -CampaignManager1
2018-12-01 05:52:43 error: An error occured while searching for CampaignManager1, QueryFailedError: ER_NO_SUCH_TABLE: Table 'test.user' doesn't exist
2018-12-01 05:54:12 info: /login -CampaignManager1
2018-12-01 05:54:14 info: /login -CampaignManager1
2018-12-01 05:54:15 info: /logout - CampaignManager1
2018-12-01 05:54:15 info: /login -Canvasser1
2018-12-01 05:54:16 info: /login -Canvasser1
2018-12-01 05:54:16 info: /logout - Canvasser1
2018-12-01 05:54:16 info: /login -CampaignManager1
2018-12-01 05:56:28 info: /login -CampaignManager1
2018-12-01 18:02:22 info: /login -m1
2018-12-01 18:04:12 info: /login -m1
2018-12-01 18:04:27 info: /login -c1
2018-12-01 18:04:36 info: /login -c1
2018-12-01 18:04:38 info: /logout - c1
2018-12-01 18:04:42 info: /login -c2
2018-12-01 18:04:50 info: /login -c2
2018-12-01 18:04:52 info: /logout - c2
2018-12-01 18:04:56 info: /login -c3
2018-12-01 18:05:03 info: /login -c3
2018-12-01 18:05:03 info: /login -c3
2018-12-01 18:05:10 info: /logout - c3
2018-12-01 18:05:13 info: /login -m1
2018-12-01 18:23:55 info: /login -CampaignManager1
2018-12-01 18:24:12 info: /login -CampaignManager1
2018-12-01 18:24:34 info: /logout - CampaignManager1
2018-12-01 18:24:39 info: /login -Canvasser1
2018-12-01 18:25:24 info: /login -m1
2018-12-01 18:25:42 info: /login -Canvasser1
2018-12-01 18:25:46 info: /login -Canvasser1
2018-12-01 18:26:02 info: /login -Canvasser2
2018-12-01 18:26:12 info: /login -Canvasser2
2018-12-01 18:26:20 info: /logout - Canvasser2
2018-12-01 18:26:34 info: /login -Canvasser3
2018-12-01 18:26:42 info: /login -Canvasser3
2018-12-01 18:27:10 info: /login -CampaignManager1
2018-12-01 18:53:17 info: /login -CampaignManager1
2018-12-01 18:54:24 info: /login -CampaignManager1
2018-12-01 18:54:36 info: /logout - CampaignManager1
2018-12-01 18:54:44 info: /login -Canvasser1
2018-12-01 18:54:52 info: /login -Canvasser1
2018-12-01 18:54:54 info: /logout - Canvasser1
2018-12-01 18:55:01 info: /login -Canvasser2
2018-12-01 18:55:08 info: /login -Canvasser2
2018-12-01 18:55:10 info: /logout - Canvasser2
2018-12-01 18:55:18 info: /login -Canvasser3
2018-12-01 18:55:27 info: /login -Canvasser3
2018-12-01 18:55:38 info: /logout - Canvasser3
2018-12-01 18:55:46 info: /login -CampaignManager1
2018-12-01 19:09:16 info: /logout - CampaignManager1
2018-12-01 19:09:24 info: /login -Canvasser1
2018-12-01 20:55:56 info: /login -CampaignManager1
2018-12-01 20:56:13 info: /login -CampaignManager1
2018-12-01 20:57:49 info: /login -CampaignManager1
2018-12-01 20:57:59 info: /logout - CampaignManager1
2018-12-01 20:58:06 info: /login -Canvasser1
2018-12-01 20:58:13 info: /login -Canvasser1
2018-12-01 20:58:16 info: /logout - Canvasser1
2018-12-01 20:58:25 info: /login -Canvasser2
2018-12-01 20:58:32 info: /login -Canvasser2
2018-12-01 20:58:37 info: /logout - Canvasser2
2018-12-01 20:58:52 info: /login -CampaignManager1
2018-12-01 21:00:26 info: /login -CampaignManager1
2018-12-01 21:05:50 info: /login -CampaignManager1
2018-12-01 21:18:03 info: /login -CampaignManager1
2018-12-01 21:33:19 info: /login -CampaignManager1
2018-12-01 21:34:25 info: /login -CampaignManager1
2018-12-01 21:35:02 info: /login -CampaignManager1
2018-12-01 23:48:45 info: /logout - CampaignManager1
2018-12-01 23:48:53 info: /login -Canvasser1
2018-12-03 19:33:39 info: /login -m1
2018-12-03 19:35:59 info: /login -m1
2018-12-03 19:36:37 info: /login -m1
2018-12-03 19:38:36 info: /login -c1
2018-12-03 19:38:45 info: /login -c1
2018-12-03 19:38:48 info: /logout - c1
2018-12-03 19:38:51 info: /login -c2
2018-12-03 19:38:57 info: /login -c2
2018-12-03 19:40:43 info: /login -m1
2018-12-03 19:47:44 info: /login -c1
2018-12-03 19:55:06 info: /login -c1
2018-12-04 17:02:03 info: /login -c1
2018-12-04 17:02:08 info: /login -c1
2018-12-04 17:02:15 info: /logout - c1
2018-12-04 17:02:18 info: /login -c2
2018-12-04 17:02:22 info: /login -c2
2018-12-04 17:02:24 info: /logout - c2
2018-12-04 17:02:27 info: /login -c3
2018-12-04 17:02:34 info: /login -c3
2018-12-04 17:02:38 info: /logout - c3
2018-12-04 17:02:41 info: /login -m1
2018-12-04 17:03:38 info: /login -m1
2018-12-04 17:03:52 info: /login -m1
2018-12-04 17:04:15 info: /logout - m1
2018-12-04 17:04:20 info: /login -c1
2018-12-04 17:07:38 info: /logout - c1
2018-12-04 17:07:43 info: /login -m1
2018-12-04 17:08:15 info: /login -m1
2018-12-04 17:08:21 info: /logout - m1
2018-12-04 17:08:25 info: /login -c1
2018-12-04 17:08:36 info: /login -c2
2018-12-04 17:08:52 info: /logout - c2
2018-12-04 17:08:55 info: /login -c3
2018-12-05 02:03:40 info: /logout - c3
2018-12-05 02:03:44 info: /login -m1
2018-12-05 02:23:23 info: /logout - m1
2018-12-05 02:24:00 error: An error occured while searching for c1, QueryFailedError: ER_NO_SUCH_TABLE: Table 'test.user' doesn't exist
2018-12-05 02:24:06 error: An error occured while searching for c1, QueryFailedError: ER_NO_SUCH_TABLE: Table 'test.user' doesn't exist
2018-12-05 02:25:19 info: /login -c1
2018-12-05 02:25:23 info: /login -c1
2018-12-05 02:25:24 info: /logout - c1
2018-12-05 02:25:27 info: /login -c2
2018-12-05 02:25:31 info: /login -c2
2018-12-05 02:25:33 info: /logout - c2
2018-12-05 02:25:37 info: /login -c3
2018-12-05 02:25:41 info: /login -c3
2018-12-05 02:25:42 info: /logout - c3
2018-12-05 02:25:45 info: /login -m1
2018-12-05 02:26:29 info: /login -m1
2018-12-05 02:26:41 info: /logout - m1
2018-12-05 02:26:44 info: /login -c1
2018-12-05 02:52:25 info: /login -c1
2018-12-05 02:52:51 info: /logout - c1
2018-12-05 02:52:54 info: /login -m1
2018-12-05 02:53:35 info: /login -m1
2018-12-05 02:54:03 info: /logout - m1
2018-12-05 02:54:07 info: /login -c2
2018-12-05 02:54:51 info: /logout - c2
2018-12-05 02:55:12 info: /login -admin
2018-12-10 19:49:24 info: /login -m1
2018-12-10 19:51:03 info: /login -m1
2018-12-10 19:55:55 info: /login -m1
2018-12-10 19:57:41 info: /login -m1
2018-12-10 19:59:11 info: /logout - m1
2018-12-10 19:59:43 info: /login -c1
2018-12-10 19:59:48 info: /login -c1
2018-12-10 19:59:50 info: /logout - c1
2018-12-10 19:59:53 info: /login -c2
2018-12-10 19:59:57 info: /login -c2
2018-12-10 19:59:58 info: /logout - c2
2018-12-10 20:00:00 info: /login -c3
2018-12-10 20:00:04 info: /login -c3
2018-12-10 20:00:06 info: /logout - c3
2018-12-10 20:00:10 info: /login -m1
2018-12-10 20:01:13 info: /login -m1
2018-12-10 20:04:18 info: /login -m1
2018-12-10 23:19:10 info: /login -m1
2018-12-10 23:19:24 info: /login -m1
2018-12-10 23:24:40 info: /login -m1
2018-12-10 23:26:47 info: /login -m1
2019-03-13 11:34:48 error: An error occured while searching for admin, QueryFailedError: ER_NO_SUCH_TABLE: Table 'test.user' doesn't exist
2019-03-18 15:29:56 warn: admin was not found.
2019-03-18 15:39:41 info: /login -cm1
2019-03-18 15:42:34 info: /login -cm1
2019-03-18 15:42:59 info: /logout - cm1
2019-03-18 15:43:04 info: /login -cnv1
2019-03-18 15:43:38 info: /login -cnv1
2019-03-18 15:43:43 info: /logout - cnv1
2019-03-18 15:43:47 info: /login -cnv2
2019-03-18 15:43:52 info: /login -cnv2
2019-03-18 15:43:54 info: /logout - cnv2
2019-03-18 15:43:58 info: /login -cnv3
2019-03-18 15:44:02 info: /login -cnv3
2019-03-18 15:44:03 info: /logout - cnv3
2019-03-18 15:44:08 info: /login -cm1
2019-03-18 15:46:25 info: /login -cm1
2020-09-03 11:41:32 warn: cavasser was not found.
2020-09-03 12:00:41 warn: campaigner was not found.
2020-09-03 12:00:59 warn: campaigner was not found.
2020-09-03 12:01:01 info: /login -manager
