2018-10-31 00:46:42 info: /1/availability - Changed availablility
2018-10-31 00:48:42 info: /1/availability - Changed availablility
2018-10-31 00:50:42 info: /1/availability - Changed availablility
2018-10-31 00:52:40 info: /1/availability - Changed availablility
2018-10-31 00:52:47 info: /1/availability - Changed availablility
2018-10-31 00:52:50 info: /1/availability - Changed availablility
2018-10-31 00:54:50 info: /1/availability - Changed availablility
2018-10-31 00:57:02 info: /1/availability - Changed availablility
2018-10-31 00:58:50 info: /1/availability - Changed availablility
2018-10-31 01:02:15 info: /1/availability - Changed availablility
2018-10-31 01:04:04 info: /1/availability - Changed availablility
2018-10-31 01:04:46 info: /1/availability - Changed availablility
2018-10-31 02:02:16 info: /1/availability - Changed availablility
2018-10-31 02:02:52 info: /1/availability - Changed availablility
2018-10-31 02:10:24 info: /1/availability - Changed availablility
2018-10-31 02:13:34 info: /1/availability - Changed availablility
2018-10-31 02:26:42 info: /1/availability - Changed availablility
2018-10-31 02:28:57 info: /1/view - View Tasks
2018-10-31 02:29:08 info: /1/view-assignment - View Tasks
2018-10-31 02:37:59 info: /1/availability - Changed availablility
2018-10-31 03:03:03 info: /1/availability - Changed availablility
2018-10-31 04:34:08 info: /1/availability - Changed availablility
2018-10-31 16:58:55 info: /1/view-tasks - View Tasks
2018-11-02 03:15:19 info: /1/availability - Changed availablility
2018-11-02 17:55:34 info: /availability/1 - Changed availablility
2018-11-02 18:00:10 info: /availability/1 - Changed availablility
2018-11-02 18:41:14 info: /availability/1 - Changed availablility
2018-11-02 18:44:27 info: /availability/1 - Changed availablility
2018-11-02 19:04:11 info: /availability/1 - Changed availablility
2018-11-02 19:08:02 info: /availability/1 - Changed availablility
2018-11-02 20:30:53 info: /availability/1 - Changed availablility
2018-11-02 20:41:04 info: /availability/1 - Changed availablility
2018-11-02 20:54:18 info: /availability/1 - Changed availablility
2018-11-02 20:59:16 info: /availability/1 - Changed availablility
2018-11-02 21:29:31 info: /availability/1 - Changed availablility
2018-11-02 22:22:10 info: /availability/1 - Changed availablility
2018-11-02 22:22:21 info: /availability/1 - Changed availablility
2018-11-03 04:17:22 info: /availability/1 - Changed availablility
2018-11-03 12:33:33 info: /1/view-tasks - View Tasks
2018-11-03 12:42:39 info: /1/view-tasks - View Tasks
2018-11-03 12:43:47 info: /1/view-tasks - View Tasks
2018-11-03 12:49:25 info: /1/view-tasks - View Tasks
2018-11-03 12:50:51 info: /1/view-tasks - View Tasks
2018-11-03 13:27:20 info: /1/view-tasks - View Tasks
2018-11-03 14:19:18 info: /1/view-tasks - View Tasks
2018-11-03 14:20:39 info: /1/view-tasks - View Tasks
2018-11-03 14:20:45 info: /1/view-tasks - View Tasks
2018-11-03 14:20:49 info: /1/view-tasks - View Tasks
2018-11-03 14:20:54 info: /1/view-tasks - View Tasks
2018-11-03 14:22:11 info: /1/view-tasks - View Tasks
2018-11-03 14:22:15 info: /1/view-tasks - View Tasks
2018-11-03 14:22:19 info: /1/view-tasks - View Tasks
2018-11-03 14:22:42 info: /1/view-tasks - View Tasks
2018-11-03 14:26:20 info: /1/view-tasks - View Tasks
2018-11-03 14:26:28 info: /1/view-tasks - View Tasks
2018-11-03 14:26:31 info: /1/view-tasks - View Tasks
2018-11-03 14:27:26 info: /1/view-tasks - View Tasks
2018-11-03 14:27:30 info: /1/view-tasks - View Tasks
2018-11-03 14:27:33 info: /1/view-tasks - View Tasks
2018-11-03 14:30:39 info: /1/view-tasks - View Tasks
2018-11-03 17:28:49 info: /availability/1 - Changed availablility
2018-11-03 17:29:05 info: /1/view-tasks - View Tasks
2018-11-03 17:30:18 info: /1/view-tasks - View Tasks
2018-11-03 17:35:27 info: /1/view-tasks - View Tasks
2018-11-03 17:35:57 info: /1/view-tasks - View Tasks
2018-11-03 17:44:03 info: /1/view-tasks - View Tasks
2018-11-03 17:45:12 info: /1/view-tasks - View Tasks
2018-11-05 18:39:54 info: Editted availability for canvasser: 2
2018-11-06 13:56:18 info: /1/view-tasks - View Tasks
2018-11-13 12:13:49 info: Editted availability for canvasser with id: 1
2018-11-13 12:14:12 info: Editted availability for canvasser with id: 2
2018-11-13 12:14:34 info: Editted availability for canvasser with id: 3
2018-11-13 21:31:54 info: Editted availability for canvasser with id: 1
2018-11-13 21:32:16 info: Editted availability for canvasser with id: 2
2018-11-13 21:32:38 info: Editted availability for canvasser with id: 3
2018-11-19 00:10:55 info: Editted availability for canvasser with id: 1
2018-11-19 00:11:34 info: Editted availability for canvasser with id: 3
2018-11-19 00:12:05 info: Editted availability for canvasser with id: 2
2018-11-19 05:49:09 info: Editted availability for canvasser with id: 1
2018-11-19 18:14:02 info: Editted availability for canvasser with id: 1
2018-11-19 19:07:45 info: Editted availability for canvasser with id: 1
2018-11-19 19:08:07 info: Editted availability for canvasser with id: 2
2018-11-19 20:06:02 info: Editted availability for canvasser with id: 1
2018-11-19 20:06:25 info: Editted availability for canvasser with id: 2
2018-11-19 20:06:43 info: Editted availability for canvasser with id: 3
2018-11-19 21:55:17 info: Editted availability for canvasser with id: 3
2018-11-19 21:55:37 info: Editted availability for canvasser with id: 2
2018-11-19 21:55:57 info: Editted availability for canvasser with id: 1
2018-11-20 20:04:15 info: Editted availability for canvasser with id: 1
2018-11-25 20:30:59 info: Editted availability for canvasser with id: 1
2018-11-25 20:31:22 info: Editted availability for canvasser with id: 2
2018-11-25 20:31:39 info: Editted availability for canvasser with id: 3
2018-11-25 23:32:27 info: Editted availability for canvasser with id: 1
2018-11-25 23:32:58 info: Editted availability for canvasser with id: 2
2018-11-25 23:33:31 info: Editted availability for canvasser with id: 3
2018-11-26 00:29:34 info: Editted availability for canvasser with id: 1
2018-11-26 00:30:04 info: Editted availability for canvasser with id: 2
2018-11-26 00:30:36 info: Editted availability for canvasser with id: 3
2018-11-26 16:45:57 info: /undefined/view-tasks - View Tasks
2018-11-26 16:47:41 info: /undefined/view-tasks - View Tasks
2018-11-26 16:48:33 info: /view-tasks - View Tasks for canvasser 1
2018-11-26 16:50:17 info: /view-tasks - View Tasks for canvasser 1
2018-11-26 16:52:33 info: /1/view-tasks - View Tasks
2018-11-26 16:52:38 info: /6/view-tasks - View Tasks
2018-11-27 19:58:08 info: Editted availability for canvasser with id: 1
2018-11-27 19:58:40 info: Editted availability for canvasser with id: 2
2018-11-27 19:59:19 info: Editted availability for canvasser with id: 3
2018-11-27 20:10:28 info: Editted availability for canvasser with id: 3
2018-11-27 20:11:00 info: Editted availability for canvasser with id: 2
2018-11-27 20:11:27 info: Editted availability for canvasser with id: 1
2018-11-27 20:17:07 info: Editted availability for canvasser with id: 1
2018-11-27 20:17:24 info: Editted availability for canvasser with id: 2
2018-11-27 20:17:38 info: Editted availability for canvasser with id: 3
2018-11-27 21:20:49 info: Editted availability for canvasser with id: 3
2018-11-27 21:21:05 info: Editted availability for canvasser with id: 2
2018-11-27 21:21:21 info: Editted availability for canvasser with id: 1
2018-11-27 21:42:15 info: Editted availability for canvasser with id: 1
2018-11-27 21:42:30 info: Editted availability for canvasser with id: 2
2018-11-27 21:42:51 info: Editted availability for canvasser with id: 3
2018-11-27 23:47:09 info: Editted availability for canvasser with id: 3
2018-11-27 23:47:31 info: Editted availability for canvasser with id: 2
2018-11-27 23:47:44 info: Editted availability for canvasser with id: 1
2018-11-28 03:47:32 info: Editted availability for canvasser with id: 1
2018-11-28 03:48:00 info: Editted availability for canvasser with id: 2
2018-11-28 03:48:16 info: Editted availability for canvasser with id: 3
2018-11-28 15:16:32 info: Editted availability for canvasser with id: 3
2018-11-28 15:16:47 info: Editted availability for canvasser with id: 2
2018-11-28 15:17:10 info: Editted availability for canvasser with id: 1
2018-11-28 15:35:37 info: Editted availability for canvasser with id: 1
2018-11-28 15:35:49 info: Editted availability for canvasser with id: 2
2018-11-28 15:36:14 info: Editted availability for canvasser with id: 3
2018-11-28 16:50:24 info: Editted availability for canvasser with id: 3
2018-11-28 16:50:37 info: Editted availability for canvasser with id: 2
2018-11-28 16:50:49 info: Editted availability for canvasser with id: 1
2018-11-28 19:57:57 info: Editted availability for canvasser with id: undefined
2018-11-28 19:58:24 info: Editted availability for canvasser with id: undefined
2018-11-28 19:58:47 info: Editted availability for canvasser with id: undefined
2018-11-28 21:21:53 info: Editted availability for canvasser with id: undefined
2018-11-28 21:22:28 info: Editted availability for canvasser with id: undefined
2018-11-28 21:22:48 info: Editted availability for canvasser with id: undefined
2018-11-28 23:51:49 info: Editted availability for canvasser with id: undefined
2018-11-28 23:52:05 info: Editted availability for canvasser with id: undefined
2018-11-28 23:52:22 info: Editted availability for canvasser with id: undefined
2018-11-29 00:50:55 info: Editted availability for canvasser with id: undefined
2018-11-29 00:51:08 info: Editted availability for canvasser with id: undefined
2018-11-29 00:51:22 info: Editted availability for canvasser with id: undefined
2018-11-29 01:21:37 info: Editted availability for canvasser with id: undefined
2018-11-29 01:21:51 info: Editted availability for canvasser with id: undefined
2018-11-29 01:22:09 info: Editted availability for canvasser with id: undefined
2018-11-29 02:23:55 info: Editted availability for canvasser with id: undefined
2018-11-29 02:24:07 info: Editted availability for canvasser with id: undefined
2018-11-29 02:24:20 info: Editted availability for canvasser with id: undefined
2018-11-29 04:29:57 info: Editted availability for canvasser with id: 8
2018-11-29 04:30:15 info: Editted availability for canvasser with id: 9
2018-11-29 04:30:33 info: Editted availability for canvasser with id: 10
2018-11-29 04:32:39 info: Editted availability for canvasser with id: 1
2018-11-29 04:32:55 info: Editted availability for canvasser with id: 2
2018-11-29 04:33:08 info: Editted availability for canvasser with id: 3
2018-11-29 04:58:14 info: Editted availability for canvasser with id: 1
2018-11-29 04:58:40 info: Editted availability for canvasser with id: 2
2018-11-29 04:58:54 info: Editted availability for canvasser with id: 3
2018-11-29 18:50:15 info: Editted availability for canvasser with id: 8
2018-11-29 21:46:31 info: Editted availability for canvasser with id: 4
2018-11-29 22:41:34 info: Editted availability for canvasser with id: 4
2018-11-29 23:07:12 info: Editted availability for canvasser with id: 4
2018-11-29 23:14:44 info: Editted availability for canvasser with id: 4
2018-11-29 23:24:58 info: Editted availability for canvasser with id: 4
2018-11-29 23:40:35 info: Editted availability for canvasser with id: 4
2018-11-29 23:43:19 info: Editted availability for canvasser with id: 4
2018-11-30 00:19:33 info: Editted availability for canvasser with id: 4
2018-11-30 00:29:14 info: Editted availability for canvasser with id: 4
2018-11-30 02:10:25 info: Editted availability for canvasser with id: 4
2018-11-30 03:40:03 info: Editted availability for canvasser with id: 1
2018-11-30 03:40:14 info: Editted availability for canvasser with id: 2
2018-11-30 03:40:26 info: Editted availability for canvasser with id: 3
2018-11-30 03:46:52 info: Editted availability for canvasser with id: 1
2018-11-30 03:47:02 info: Editted availability for canvasser with id: 2
2018-11-30 03:47:12 info: Editted availability for canvasser with id: 3
2018-11-30 04:41:23 info: Editted availability for canvasser with id: 4
2018-11-30 06:25:18 info: Editted availability for canvasser with id: 4
2018-11-30 06:36:46 info: Editted availability for canvasser with id: 4
2018-11-30 18:57:00 info: Editted availability for canvasser with id: 4
2018-11-30 19:01:18 info: Editted availability for canvasser with id: 4
2018-11-30 19:16:27 info: Editted availability for canvasser with id: 4
2018-11-30 23:47:03 info: Editted availability for canvasser with id: 3
2018-11-30 23:52:22 info: Editted availability for canvasser with id: 4
2018-11-30 23:57:31 info: Editted availability for canvasser with id: 4
2018-12-01 00:43:59 info: Editted availability for canvasser with id: 4
2018-12-01 01:04:51 info: Editted availability for canvasser with id: 4
2018-12-01 01:25:32 info: Editted availability for canvasser with id: 4
2018-12-01 01:29:15 info: Editted availability for canvasser with id: 4
2018-12-01 01:57:17 info: Editted availability for canvasser with id: 4
2018-12-01 02:52:11 info: Editted availability for canvasser with id: 4
2018-12-01 05:51:35 info: Editted availability for canvasser with id: 3
2018-12-01 05:54:15 info: Editted availability for canvasser with id: 4
2018-12-01 18:04:36 info: Editted availability for canvasser with id: 1
2018-12-01 18:04:50 info: Editted availability for canvasser with id: 2
2018-12-01 18:05:03 info: Editted availability for canvasser with id: 3
2018-12-01 18:05:03 info: Editted availability for canvasser with id: 3
2018-12-01 18:25:24 info: Editted availability for canvasser with id: 4
2018-12-01 18:25:46 info: Editted availability for canvasser with id: 4
2018-12-01 18:26:12 info: Editted availability for canvasser with id: 5
2018-12-01 18:26:41 info: Editted availability for canvasser with id: 6
2018-12-01 18:54:52 info: Editted availability for canvasser with id: 4
2018-12-01 18:55:08 info: Editted availability for canvasser with id: 5
2018-12-01 18:55:26 info: Editted availability for canvasser with id: 6
2018-12-01 20:58:13 info: Editted availability for canvasser with id: 4
2018-12-01 20:58:32 info: Editted availability for canvasser with id: 5
2018-12-01 23:49:11 info: /7/view-tasks - View Tasks
2018-12-03 19:38:45 info: Editted availability for canvasser with id: 1
2018-12-03 19:38:57 info: Editted availability for canvasser with id: 2
2018-12-03 19:47:47 info: /2/view-tasks - View Tasks
2018-12-03 19:52:39 info: /2/view-tasks - View Tasks
2018-12-04 17:02:08 info: Editted availability for canvasser with id: 1
2018-12-04 17:02:22 info: Editted availability for canvasser with id: 2
2018-12-04 17:02:33 info: Editted availability for canvasser with id: 3
2018-12-04 17:04:22 info: /1/view-tasks - View Tasks
2018-12-04 17:07:23 info: /1/view-tasks - View Tasks
2018-12-04 17:08:28 info: /1/view-tasks - View Tasks
2018-12-04 17:08:38 info: /2/view-tasks - View Tasks
2018-12-05 02:25:23 info: Editted availability for canvasser with id: 1
2018-12-05 02:25:31 info: Editted availability for canvasser with id: 2
2018-12-05 02:25:41 info: Editted availability for canvasser with id: 3
2018-12-05 02:26:46 info: /1/view-tasks - View Tasks
2018-12-10 19:59:48 info: Editted availability for canvasser with id: 1
2018-12-10 19:59:57 info: Editted availability for canvasser with id: 2
2018-12-10 20:00:04 info: Editted availability for canvasser with id: 3
2019-03-18 15:43:38 info: Editted availability for canvasser with id: 5
2019-03-18 15:43:52 info: Editted availability for canvasser with id: 6
2019-03-18 15:44:02 info: Editted availability for canvasser with id: 7
