2018-11-13 12:46:00 error: An error occured while saving the assignment for campaign: QueryFailedError: ER_NO_DEFAULT_FOR_FIELD: Field 'canvasserName' doesn't have a default value
2018-11-13 12:46:01 error: An error occured while updating QueryFailedError: ER_PARSE_ERROR: You have an error in your SQL syntax; check the manual that corresponds to your MySQL server version for the right syntax to use near 'WHERE `ID` = 2' at line 1 with its new assignment
2018-11-13 12:46:01 error: An error occured while assigning a task to  QueryFailedError: ER_PARSE_ERROR: You have an error in your SQL syntax; check the manual that corresponds to your MySQL server version for the right syntax to use near 'WHERE `ID` = 1' at line 1
2018-11-13 12:46:01 error: An error occured while assigning a task to  QueryFailedError: ER_PARSE_ERROR: You have an error in your SQL syntax; check the manual that corresponds to your MySQL server version for the right syntax to use near 'WHERE `ID` = 2' at line 1
2018-11-13 12:46:01 error: An error occured while assigning a task to  QueryFailedError: ER_PARSE_ERROR: You have an error in your SQL syntax; check the manual that corresponds to your MySQL server version for the right syntax to use near 'WHERE `ID` = 4' at line 1
2018-11-13 13:09:53 info: Successfully created an assignment for campaign: campaign
2018-11-13 13:09:53 info: Successfully updated campaign with its new assignment
2018-11-13 13:28:28 info: Successfully created an assignment for campaign: campaign
2018-11-13 13:28:28 info: Successfully updated campaign with its new assignment
2018-11-13 13:29:34 info: Successfully created an assignment for campaign: campaign
2018-11-13 13:29:34 info: Successfully updated campaign with its new assignment
2018-11-13 13:30:04 info: Successfully created an assignment for campaign: campaign
2018-11-13 13:30:04 info: Successfully updated campaign with its new assignment
2018-11-13 13:31:01 info: Successfully created an assignment for campaign: campaign
2018-11-13 13:31:01 info: Successfully updated campaign with its new assignment
2018-11-13 13:31:01 error: An error occured while assigning a task to  QueryFailedError: ER_DUP_ENTRY: Duplicate entry '38' for key 'REL_8b272c47e6d9ba7f7cd46b35d5'
2018-11-13 13:31:01 info: Assigned a task to c3 
2018-11-13 13:31:36 info: Successfully created an assignment for campaign: campaign
2018-11-13 13:31:36 info: Successfully updated campaign with its new assignment
2018-11-13 13:31:36 error: An error occured while assigning a task to  QueryFailedError: ER_DUP_ENTRY: Duplicate entry '44' for key 'REL_8b272c47e6d9ba7f7cd46b35d5'
2018-11-13 21:33:10 info: Successfully created an assignment for campaign: campaign
2018-11-13 21:33:10 info: Successfully updated campaign with its new assignment
2018-11-13 21:33:10 error: An error occured while assigning a task to  QueryFailedError: ER_DUP_ENTRY: Duplicate entry '2' for key 'REL_8b272c47e6d9ba7f7cd46b35d5'
2018-11-13 21:33:10 info: Assigned a task to c3 
2018-11-19 00:37:31 error: An error occured while updating QueryFailedError: ER_PARSE_ERROR: You have an error in your SQL syntax; check the manual that corresponds to your MySQL server version for the right syntax to use near 'WHERE `ID` = 1' at line 1 with its new assignment
2018-11-19 00:38:57 error: An error occured while updating QueryFailedError: ER_PARSE_ERROR: You have an error in your SQL syntax; check the manual that corresponds to your MySQL server version for the right syntax to use near 'WHERE `ID` = 1' at line 1 with its new assignment
2018-11-19 00:40:28 error: An error occured while saving the assignment for campaign: QueryFailedError: ER_NO_DEFAULT_FOR_FIELD: Field 'ofDate' doesn't have a default value
2018-11-19 00:40:28 error: An error occured while updating QueryFailedError: ER_PARSE_ERROR: You have an error in your SQL syntax; check the manual that corresponds to your MySQL server version for the right syntax to use near 'WHERE `ID` = 1' at line 1 with its new assignment
2018-11-19 00:43:16 error: An error occured while saving the assignment for campaign: QueryFailedError: ER_NO_DEFAULT_FOR_FIELD: Field 'ofDate' doesn't have a default value
2018-11-19 00:43:18 error: An error occured while saving the assignment for campaign: QueryFailedError: ER_NO_DEFAULT_FOR_FIELD: Field 'ofDate' doesn't have a default value
2018-11-19 00:43:18 error: An error occured while updating QueryFailedError: ER_PARSE_ERROR: You have an error in your SQL syntax; check the manual that corresponds to your MySQL server version for the right syntax to use near 'WHERE `ID` = 1' at line 1 with its new assignment
2018-11-19 00:45:23 info: Successfully created an assignment for campaign: campaign
2018-11-19 00:45:25 info: Successfully created an assignment for campaign: campaign
2018-11-19 00:45:25 info: Successfully updated campaign with its new assignment
2018-11-19 04:45:47 info: Successfully created an assignment for campaign: campaign
2018-11-19 04:45:48 info: Successfully updated campaign with its new assignment
2018-11-19 05:01:39 info: Successfully created an assignment for campaign: campaign
2018-11-19 05:01:39 info: Successfully updated campaign with its new assignment
2018-11-19 05:01:41 info: Successfully created an assignment for campaign: campaign
2018-11-19 05:01:41 info: Successfully updated campaign with its new assignment
2018-11-19 05:02:23 info: Successfully created an assignment for campaign: campaign
2018-11-19 05:02:23 info: Successfully updated campaign with its new assignment
2018-11-19 05:02:25 info: Successfully created an assignment for campaign: campaign
2018-11-19 05:02:25 info: Successfully updated campaign with its new assignment
2018-11-19 05:05:18 info: Successfully created an assignment for campaign: campaign
2018-11-19 05:05:18 info: Successfully updated campaign with its new assignment
2018-11-19 05:05:20 info: Successfully created an assignment for campaign: campaign
2018-11-19 05:05:20 info: Successfully updated campaign with its new assignment
2018-11-19 05:08:28 info: Successfully created an assignment for campaign: campaign
2018-11-19 05:08:28 info: Successfully updated campaign with its new assignment
2018-11-19 05:08:30 info: Successfully created an assignment for campaign: campaign
2018-11-19 05:08:30 info: Successfully updated campaign with its new assignment
2018-11-19 05:09:00 info: Successfully created an assignment for campaign: campaign
2018-11-19 05:09:00 info: Successfully updated campaign with its new assignment
2018-11-19 05:10:57 info: Successfully created an assignment for campaign: campaign
2018-11-19 05:10:57 info: Successfully updated campaign with its new assignment
2018-11-19 05:10:59 info: Successfully created an assignment for campaign: campaign
2018-11-19 05:10:59 info: Successfully updated campaign with its new assignment
2018-11-19 05:14:40 info: Successfully created an assignment for campaign: campaign
2018-11-19 05:14:40 info: Successfully updated campaign with its new assignment
2018-11-19 05:14:40 info: Assigned a task to c2 
2018-11-19 05:21:11 info: Successfully created an assignment for campaign: campaign
2018-11-19 05:21:11 info: Successfully updated campaign with its new assignment
2018-11-19 05:21:13 info: Successfully created an assignment for campaign: campaign
2018-11-19 05:21:13 info: Successfully updated campaign with its new assignment
2018-11-19 05:22:09 info: Successfully created an assignment for campaign: campaign
2018-11-19 05:22:09 info: Successfully updated campaign with its new assignment
2018-11-19 05:22:11 info: Successfully created an assignment for campaign: campaign
2018-11-19 05:22:11 info: Successfully updated campaign with its new assignment
2018-11-19 05:22:57 info: Successfully created an assignment for campaign: campaign
2018-11-19 05:22:57 info: Successfully updated campaign with its new assignment
2018-11-19 05:22:59 info: Successfully created an assignment for campaign: campaign
2018-11-19 05:22:59 info: Successfully updated campaign with its new assignment
2018-11-19 05:23:47 info: Successfully created an assignment for campaign: campaign
2018-11-19 05:23:47 info: Successfully updated campaign with its new assignment
2018-11-19 05:25:37 info: Successfully created an assignment for campaign: campaign
2018-11-19 05:25:38 info: Successfully updated campaign with its new assignment
2018-11-19 05:25:40 info: Successfully created an assignment for campaign: campaign
2018-11-19 05:25:40 info: Successfully updated campaign with its new assignment
2018-11-19 05:28:39 info: Successfully created an assignment for campaign: campaign
2018-11-19 05:28:39 info: Successfully updated campaign with its new assignment
2018-11-19 05:28:40 info: Successfully created an assignment for campaign: campaign
2018-11-19 05:28:41 info: Successfully updated campaign with its new assignment
2018-11-19 05:29:10 info: Successfully created an assignment for campaign: campaign
2018-11-19 05:29:10 info: Successfully updated campaign with its new assignment
2018-11-19 05:30:13 info: Successfully created an assignment for campaign: campaign
2018-11-19 05:30:13 info: Successfully updated campaign with its new assignment
2018-11-19 05:31:26 info: Successfully created an assignment for campaign: campaign
2018-11-19 05:31:26 info: Successfully updated campaign with its new assignment
2018-11-19 05:31:26 info: Assigned a task to c2 
2018-11-19 05:32:40 info: Successfully created an assignment for campaign: campaign
2018-11-19 05:32:40 info: Successfully updated campaign with its new assignment
2018-11-19 06:11:13 info: Successfully created an assignment for campaign: assignment test
2018-11-19 06:12:10 info: Successfully created an assignment for campaign: assignment test
2018-11-19 06:12:10 error: An error occured while updating QueryFailedError: ER_DUP_ENTRY: Duplicate entry '7' for key 'PRIMARY' with its new assignment
2018-11-19 06:12:48 info: Successfully created an assignment for campaign: assignment test
2018-11-19 06:12:48 error: An error occured while updating QueryFailedError: ER_DUP_ENTRY: Duplicate entry '8' for key 'PRIMARY' with its new assignment
2018-11-19 06:14:57 info: Successfully created an assignment for campaign: assignment test
2018-11-19 06:14:57 error: An error occured while updating QueryFailedError: ER_DUP_ENTRY: Duplicate entry '8' for key 'PRIMARY' with its new assignment
2018-11-19 06:21:10 info: Successfully created an assignment for campaign: assignment test
2018-11-19 06:21:10 info: Successfully updated assignment test with its new assignment
2018-11-19 06:27:48 info: Successfully created an assignment for campaign: assignment test
2018-11-19 06:27:48 info: Successfully updated assignment test with its new assignment
2018-11-19 06:31:58 info: Successfully created an assignment for campaign: assignment test
2018-11-19 06:31:58 info: Successfully updated assignment test with its new assignment
2018-11-19 06:38:50 info: Successfully created an assignment for campaign: assignment test
2018-11-19 06:38:51 info: Successfully updated assignment test with its new assignment
2018-11-19 06:39:29 info: Successfully created an assignment for campaign: assignment test
2018-11-19 06:39:29 info: Successfully updated assignment test with its new assignment
2018-11-19 06:42:44 info: Successfully created an assignment for campaign: assignment test
2018-11-19 06:42:44 info: Successfully updated assignment test with its new assignment
2018-11-19 06:42:46 info: Successfully created an assignment for campaign: assignment test
2018-11-19 06:42:46 info: Successfully updated assignment test with its new assignment
2018-11-19 06:42:46 error: An error occured while assigning a task to  QueryFailedError: ER_PARSE_ERROR: You have an error in your SQL syntax; check the manual that corresponds to your MySQL server version for the right syntax to use near 'WHERE ID = `_employeeID` = 1, `_username` = 'Canvasser1', `_name` = 'Canvasser1'' at line 1
2018-11-19 06:43:42 info: Successfully created an assignment for campaign: assignment test
2018-11-19 06:43:42 info: Successfully updated assignment test with its new assignment
2018-11-19 06:44:40 info: Successfully created an assignment for campaign: assignment test
2018-11-19 06:44:40 info: Successfully updated assignment test with its new assignment
2018-11-19 06:45:18 info: Successfully created an assignment for campaign: assignment test
2018-11-19 06:45:18 info: Successfully updated assignment test with its new assignment
2018-11-19 06:47:10 info: Successfully created an assignment for campaign: assignment test
2018-11-19 06:47:10 info: Successfully updated assignment test with its new assignment
2018-11-19 06:47:35 info: Successfully created an assignment for campaign: assignment test
2018-11-19 06:47:35 info: Successfully updated assignment test with its new assignment
2018-11-19 06:48:33 info: Successfully created an assignment for campaign: assignment test
2018-11-19 06:48:33 info: Successfully updated assignment test with its new assignment
2018-11-19 06:49:14 info: Successfully created an assignment for campaign: assignment test
2018-11-19 06:49:14 info: Successfully updated assignment test with its new assignment
2018-11-19 06:49:45 info: Successfully created an assignment for campaign: assignment test
2018-11-19 06:49:45 info: Successfully updated assignment test with its new assignment
2018-11-19 06:51:07 info: Successfully created an assignment for campaign: assignment test
2018-11-19 06:51:07 info: Successfully updated assignment test with its new assignment
2018-11-19 06:51:19 info: Successfully created an assignment for campaign: assignment test
2018-11-19 06:51:19 info: Successfully updated assignment test with its new assignment
2018-11-19 06:51:44 info: Successfully created an assignment for campaign: assignment test
2018-11-19 06:51:44 info: Successfully updated assignment test with its new assignment
2018-11-19 06:52:52 info: Successfully created an assignment for campaign: assignment test
2018-11-19 06:52:52 info: Successfully updated assignment test with its new assignment
2018-11-19 06:54:02 info: Successfully created an assignment for campaign: assignment test
2018-11-19 06:54:02 info: Successfully updated assignment test with its new assignment
2018-11-19 06:56:12 info: Successfully created an assignment for campaign: assignment test
2018-11-19 06:56:12 info: Successfully updated assignment test with its new assignment
2018-11-19 06:57:06 info: Successfully created an assignment for campaign: assignment test
2018-11-19 06:57:06 info: Successfully updated assignment test with its new assignment
2018-11-19 06:57:47 info: Successfully created an assignment for campaign: assignment test
2018-11-19 06:57:47 info: Successfully updated assignment test with its new assignment
2018-11-19 06:58:58 info: Successfully created an assignment for campaign: assignment test
2018-11-19 06:58:58 info: Successfully updated assignment test with its new assignment
2018-11-19 07:00:13 info: Successfully created an assignment for campaign: assignment test
2018-11-19 07:00:13 info: Successfully updated assignment test with its new assignment
2018-11-19 07:00:43 info: Successfully created an assignment for campaign: assignment test
2018-11-19 07:00:43 info: Successfully updated assignment test with its new assignment
2018-11-19 07:01:00 info: Successfully created an assignment for campaign: assignment test
2018-11-19 07:01:00 info: Successfully updated assignment test with its new assignment
2018-11-19 07:01:41 info: Successfully created an assignment for campaign: assignment test
2018-11-19 07:01:41 info: Successfully updated assignment test with its new assignment
2018-11-19 07:15:18 info: Successfully created an assignment for campaign: assignment test
2018-11-19 07:15:18 info: Successfully updated assignment test with its new assignment
2018-11-19 17:08:42 info: Successfully created an assignment for campaign: assignment test
2018-11-19 17:08:42 info: Successfully updated assignment test with its new assignment
2018-11-19 17:08:45 info: Successfully created an assignment for campaign: assignment test
2018-11-19 17:10:12 info: Successfully created an assignment for campaign: assignment test
2018-11-19 17:10:13 info: Successfully updated assignment test with its new assignment
2018-11-19 17:11:33 info: Successfully created an assignment for campaign: assignment test
2018-11-19 17:11:33 info: Successfully updated assignment test with its new assignment
2018-11-19 17:13:15 info: Successfully created an assignment for campaign: assignment test
2018-11-19 17:13:15 info: Successfully updated assignment test with its new assignment
2018-11-19 17:16:01 info: Successfully created an assignment for campaign: assignment test
2018-11-19 17:16:01 info: Successfully updated assignment test with its new assignment
2018-11-19 17:22:06 info: Successfully created an assignment for campaign: assignment test
2018-11-19 17:22:06 info: Successfully updated assignment test with its new assignment
2018-11-19 17:23:40 info: Successfully created an assignment for campaign: assignment test
2018-11-19 17:23:40 info: Successfully updated assignment test with its new assignment
2018-11-19 17:25:27 info: Successfully created an assignment for campaign: assignment test
2018-11-19 17:25:27 info: Successfully updated assignment test with its new assignment
2018-11-19 17:25:29 info: Successfully created an assignment for campaign: assignment test
2018-11-19 17:25:29 info: Successfully updated assignment test with its new assignment
2018-11-19 17:29:06 info: Successfully created an assignment for campaign: assignment test
2018-11-19 17:29:06 info: Successfully updated assignment test with its new assignment
2018-11-19 17:29:31 info: Successfully created an assignment for campaign: assignment test
2018-11-19 17:29:31 info: Successfully updated assignment test with its new assignment
2018-11-19 17:29:33 info: Successfully created an assignment for campaign: assignment test
2018-11-19 17:29:33 info: Successfully updated assignment test with its new assignment
2018-11-19 17:30:28 info: Successfully created an assignment for campaign: assignment test
2018-11-19 17:30:28 info: Successfully updated assignment test with its new assignment
2018-11-19 17:31:20 info: Successfully created an assignment for campaign: assignment test
2018-11-19 17:31:20 info: Successfully updated assignment test with its new assignment
2018-11-19 17:31:42 info: Successfully created an assignment for campaign: assignment test
2018-11-19 17:31:42 info: Successfully updated assignment test with its new assignment
2018-11-19 17:32:55 info: Successfully created an assignment for campaign: assignment test
2018-11-19 17:32:55 info: Successfully updated assignment test with its new assignment
2018-11-19 17:34:33 info: Successfully created an assignment for campaign: assignment test
2018-11-19 17:34:33 info: Successfully updated assignment test with its new assignment
2018-11-19 17:35:51 info: Successfully created an assignment for campaign: assignment test
2018-11-19 17:35:51 info: Successfully updated assignment test with its new assignment
2018-11-19 17:36:28 info: Successfully created an assignment for campaign: assignment test
2018-11-19 17:36:28 info: Successfully updated assignment test with its new assignment
2018-11-19 17:36:49 info: Successfully created an assignment for campaign: assignment test
2018-11-19 17:36:49 info: Successfully updated assignment test with its new assignment
2018-11-19 17:37:01 info: Successfully created an assignment for campaign: assignment test
2018-11-19 17:37:01 info: Successfully updated assignment test with its new assignment
2018-11-19 17:37:15 info: Successfully created an assignment for campaign: assignment test
2018-11-19 17:37:15 info: Successfully updated assignment test with its new assignment
2018-11-19 17:37:41 info: Successfully created an assignment for campaign: assignment test
2018-11-19 17:37:41 info: Successfully updated assignment test with its new assignment
2018-11-19 17:39:31 info: Successfully created an assignment for campaign: assignment test
2018-11-19 17:39:31 info: Successfully updated assignment test with its new assignment
2018-11-19 17:45:09 info: Successfully created an assignment for campaign: assignment test
2018-11-19 17:45:09 info: Successfully updated assignment test with its new assignment
2018-11-19 17:47:05 info: Successfully created an assignment for campaign: assignment test
2018-11-19 17:47:05 info: Successfully updated assignment test with its new assignment
2018-11-19 17:47:41 info: Successfully created an assignment for campaign: assignment test
2018-11-19 17:47:41 info: Successfully updated assignment test with its new assignment
2018-11-19 17:47:43 info: Successfully created an assignment for campaign: assignment test
2018-11-19 17:47:44 info: Successfully updated assignment test with its new assignment
2018-11-19 17:52:44 info: Successfully created an assignment for campaign: assignment test
2018-11-19 17:52:44 info: Successfully updated assignment test with its new assignment
2018-11-19 17:52:47 info: Successfully created an assignment for campaign: assignment test
2018-11-19 17:52:47 info: Successfully updated assignment test with its new assignment
2018-11-19 17:53:13 info: Successfully created an assignment for campaign: assignment test
2018-11-19 17:53:13 info: Successfully updated assignment test with its new assignment
2018-11-19 18:06:02 info: Successfully created an assignment for campaign: assignment test
2018-11-19 18:06:02 info: Successfully updated assignment test with its new assignment
2018-11-19 18:07:56 info: Successfully created an assignment for campaign: assignment test
2018-11-19 18:07:56 info: Successfully updated assignment test with its new assignment
2018-11-19 18:08:29 info: Successfully created an assignment for campaign: assignment test
2018-11-19 18:08:29 info: Successfully updated assignment test with its new assignment
2018-11-19 18:09:02 info: Successfully created an assignment for campaign: assignment test
2018-11-19 18:09:02 info: Successfully updated assignment test with its new assignment
2018-11-19 18:11:04 info: Successfully created an assignment for campaign: assignment test
2018-11-19 18:11:06 info: Successfully created an assignment for campaign: assignment test
2018-11-19 18:14:09 info: Successfully created an assignment for campaign: assignment test
2018-11-19 18:15:21 info: Successfully created an assignment for campaign: assignment test
2018-11-19 19:15:07 info: Successfully created an assignment for campaign: assignment test
2018-11-19 20:02:36 info: Successfully created an assignment for campaign: assignment test
2018-11-19 20:06:59 info: Successfully created an assignment for campaign: assignment test
2018-11-19 21:56:05 info: Successfully created an assignment for campaign: assignment test
2018-11-20 19:17:34 info: Successfully created an assignment for campaign: assignment test
2018-11-20 19:17:36 info: Successfully created an assignment for campaign: assignment test
2018-11-20 19:19:54 info: Successfully created an assignment for campaign: assignment test
2018-11-20 19:19:57 info: Successfully created an assignment for campaign: assignment test
2018-11-20 19:23:51 info: Successfully created an assignment for campaign: assignment test
2018-11-20 19:23:54 info: Successfully created an assignment for campaign: assignment test
2018-11-20 19:24:26 info: Successfully created an assignment for campaign: assignment test
2018-11-20 19:28:07 info: Successfully created an assignment for campaign: assignment test
2018-11-20 19:39:39 info: Successfully created an assignment for campaign: assignment test
2018-11-20 19:53:17 info: Successfully created an assignment for campaign: assignment test
2018-11-20 19:54:03 info: Successfully created an assignment for campaign: assignment test
2018-11-20 19:54:28 info: Successfully created an assignment for campaign: assignment test
2018-11-20 19:54:46 info: Successfully created an assignment for campaign: assignment test
2018-11-20 19:54:46 info: Successfully updated assignment test with its new assignment
2018-11-20 19:58:54 info: Successfully created an assignment for campaign: assignment test
2018-11-20 19:58:54 info: Successfully updated assignment test with its new assignment
2018-11-20 19:59:27 info: Successfully created an assignment for campaign: assignment test
2018-11-20 19:59:27 info: Successfully updated assignment test with its new assignment
